Using pre-set license
Built from '2022.3/china_unity/release' branch; Version is '2022.3.62f3c1 (1623fc0bbb97) revision 1451004'; Using compiler version '192829333'; Build Type 'Release'
OS: 'Windows 11  (10.0.26200) 64bit Professional' Language: 'zh' Physical Memory: 64978 MB
BatchMode: 1, IsHumanControllingUs: 0, StartBugReporterOnCrash: 0, Is64bit: 1, IsPro: 1

COMMAND LINE ARGUMENTS:
C:\Program Files\Unity\Hub\Editor\2022.3.62f3c1\Editor\Unity.exe
-adb2
-batchMode
-noUpm
-name
AssetImportWorker1
-projectPath
C:/Users/kktaozhang/Desktop/mihayou3 - 副本
-logFile
Logs/AssetImportWorker1.log
-srvPort
62804
Successfully changed project path to: C:/Users/kktaozhang/Desktop/mihayou3 - 副本
C:/Users/kktaozhang/Desktop/mihayou3 - 副本
[UnityMemory] Configuration Parameters - Can be set up in boot.config
    "memorysetup-bucket-allocator-granularity=16"
    "memorysetup-bucket-allocator-bucket-count=8"
    "memorysetup-bucket-allocator-block-size=33554432"
    "memorysetup-bucket-allocator-block-count=8"
    "memorysetup-main-allocator-block-size=16777216"
    "memorysetup-thread-allocator-block-size=16777216"
    "memorysetup-gfx-main-allocator-block-size=16777216"
    "memorysetup-gfx-thread-allocator-block-size=16777216"
    "memorysetup-cache-allocator-block-size=4194304"
    "memorysetup-typetree-allocator-block-size=2097152"
    "memorysetup-profiler-bucket-allocator-granularity=16"
    "memorysetup-profiler-bucket-allocator-bucket-count=8"
    "memorysetup-profiler-bucket-allocator-block-size=33554432"
    "memorysetup-profiler-bucket-allocator-block-count=8"
    "memorysetup-profiler-allocator-block-size=16777216"
    "memorysetup-profiler-editor-allocator-block-size=1048576"
    "memorysetup-temp-allocator-size-main=16777216"
    "memorysetup-job-temp-allocator-block-size=2097152"
    "memorysetup-job-temp-allocator-block-size-background=1048576"
    "memorysetup-job-temp-allocator-reduction-small-platforms=262144"
    "memorysetup-allocator-temp-initial-block-size-main=262144"
    "memorysetup-allocator-temp-initial-block-size-worker=262144"
    "memorysetup-temp-allocator-size-background-worker=32768"
    "memorysetup-temp-allocator-size-job-worker=262144"
    "memorysetup-temp-allocator-size-preload-manager=33554432"
    "memorysetup-temp-allocator-size-nav-mesh-worker=65536"
    "memorysetup-temp-allocator-size-audio-worker=65536"
    "memorysetup-temp-allocator-size-cloud-worker=32768"
    "memorysetup-temp-allocator-size-gi-baking-worker=262144"
    "memorysetup-temp-allocator-size-gfx=262144"
Player connection [118476]  Target information:

Player connection [118476]  * "[IP] 30.29.63.97 [Port] 0 [Flags] 2 [Guid] 1874619571 [EditorId] 1874619571 [Version] 1048832 [Id] WindowsEditor(7,KKTAOZHANG-PC4) [Debug] 1 [PackageName] WindowsEditor [ProjectName] Editor" 

Player connection [118476]  * "[IP] 192.168.255.10 [Port] 0 [Flags] 2 [Guid] 1874619571 [EditorId] 1874619571 [Version] 1048832 [Id] WindowsEditor(7,KKTAOZHANG-PC4) [Debug] 1 [PackageName] WindowsEditor [ProjectName] Editor" 

Player connection [118476]  * "[IP] 172.18.64.1 [Port] 0 [Flags] 2 [Guid] 1874619571 [EditorId] 1874619571 [Version] 1048832 [Id] WindowsEditor(7,KKTAOZHANG-PC4) [Debug] 1 [PackageName] WindowsEditor [ProjectName] Editor" 

Player connection [118476] Host joined multi-casting on [225.0.0.222:54997]...
Player connection [118476] Host joined alternative multi-casting on [225.0.0.222:34997]...
Input System module state changed to: Initialized.
[PhysX] Initialized MultithreadedTaskDispatcher with 20 workers.
Refreshing native plugins compatible for Editor in 5.61 ms, found 2 plugins.
Preloading 0 native plugins for Editor in 0.00 ms.
Initialize engine version: 2022.3.62f3c1 (1623fc0bbb97)
[Subsystems] Discovering subsystems at path C:/Program Files/Unity/Hub/Editor/2022.3.62f3c1/Editor/Data/Resources/UnitySubsystems
[Subsystems] Discovering subsystems at path C:/Users/kktaozhang/Desktop/mihayou3 - 副本/Assets
GfxDevice: creating device client; threaded=0; jobified=0
Direct3D:
    Version:  Direct3D 11.0 [level 11.1]
    Renderer: NVIDIA GeForce RTX 5060 (ID=0x2d05)
    Vendor:   NVIDIA
    VRAM:     7807 MB
    Driver:   32.0.15.8104
Initialize mono
Mono path[0] = 'C:/Program Files/Unity/Hub/Editor/2022.3.62f3c1/Editor/Data/Managed'
Mono path[1] = 'C:/Program Files/Unity/Hub/Editor/2022.3.62f3c1/Editor/Data/MonoBleedingEdge/lib/mono/unityjit-win32'
Mono config path = 'C:/Program Files/Unity/Hub/Editor/2022.3.62f3c1/Editor/Data/MonoBleedingEdge/etc'
Using monoOptions --debugger-agent=transport=dt_socket,embedding=1,server=y,suspend=n,address=127.0.0.1:56712
Begin MonoManager ReloadAssembly
Registering precompiled unity dll's ...
Register platform support module: C:/Program Files/Unity/Hub/Editor/2022.3.62f3c1/Editor/Data/PlaybackEngines/WebGLSupport/UnityEditor.WebGL.Extensions.dll
Register platform support module: C:/Program Files/Unity/Hub/Editor/2022.3.62f3c1/Editor/Data/PlaybackEngines/WindowsStandaloneSupport/UnityEditor.WindowsStandalone.Extensions.dll
Registered in 0.003417 seconds.
- Loaded All Assemblies, in  0.250 seconds
Native extension for WindowsStandalone target not found
Native extension for WebGL target not found
Mono: successfully reloaded assembly
- Finished resetting the current domain, in  0.207 seconds
Domain Reload Profiling: 457ms
	BeginReloadAssembly (85ms)
		ExecutionOrderSort (0ms)
		DisableScriptedObjects (0ms)
		BackupInstance (0ms)
		ReleaseScriptingObjects (0ms)
		CreateAndSetChildDomain (1ms)
	RebuildCommonClasses (22ms)
	RebuildNativeTypeToScriptingClass (7ms)
	initialDomainReloadingComplete (36ms)
	LoadAllAssembliesAndSetupDomain (100ms)
		LoadAssemblies (84ms)
		RebuildTransferFunctionScriptingTraits (0ms)
		AnalyzeDomain (98ms)
			TypeCache.Refresh (97ms)
				TypeCache.ScanAssembly (87ms)
			ScanForSourceGeneratedMonoScriptInfo (0ms)
			ResolveRequiredComponents (0ms)
	FinalizeReload (207ms)
		ReleaseScriptCaches (0ms)
		RebuildScriptCaches (0ms)
		SetupLoadedEditorAssemblies (175ms)
			LogAssemblyErrors (0ms)
			InitializePlatformSupportModulesInManaged (7ms)
			SetLoadedEditorAssemblies (3ms)
			RefreshPlugins (0ms)
			BeforeProcessingInitializeOnLoad (1ms)
			ProcessInitializeOnLoadAttributes (116ms)
			ProcessInitializeOnLoadMethodAttributes (48ms)
			AfterProcessingInitializeOnLoad (0ms)
			EditorAssembliesLoaded (0ms)
		ExecutionOrderSort2 (0ms)
		AwakeInstancesAfterBackupRestoration (0ms)
========================================================================
Worker process is ready to serve import requests
Caller must complete domain reload
Begin MonoManager ReloadAssembly
- Loaded All Assemblies, in  0.470 seconds
Native extension for WindowsStandalone target not found
Native extension for WebGL target not found
Mono: successfully reloaded assembly
- Finished resetting the current domain, in  0.437 seconds
Domain Reload Profiling: 906ms
	BeginReloadAssembly (135ms)
		ExecutionOrderSort (0ms)
		DisableScriptedObjects (5ms)
		BackupInstance (0ms)
		ReleaseScriptingObjects (0ms)
		CreateAndSetChildDomain (21ms)
	RebuildCommonClasses (26ms)
	RebuildNativeTypeToScriptingClass (8ms)
	initialDomainReloadingComplete (20ms)
	LoadAllAssembliesAndSetupDomain (281ms)
		LoadAssemblies (250ms)
		RebuildTransferFunctionScriptingTraits (0ms)
		AnalyzeDomain (113ms)
			TypeCache.Refresh (92ms)
				TypeCache.ScanAssembly (80ms)
			ScanForSourceGeneratedMonoScriptInfo (14ms)
			ResolveRequiredComponents (5ms)
	FinalizeReload (437ms)
		ReleaseScriptCaches (0ms)
		RebuildScriptCaches (0ms)
		SetupLoadedEditorAssemblies (312ms)
			LogAssemblyErrors (0ms)
			InitializePlatformSupportModulesInManaged (5ms)
			SetLoadedEditorAssemblies (3ms)
			RefreshPlugins (0ms)
			BeforeProcessingInitializeOnLoad (46ms)
			ProcessInitializeOnLoadAttributes (205ms)
			ProcessInitializeOnLoadMethodAttributes (51ms)
			AfterProcessingInitializeOnLoad (2ms)
			EditorAssembliesLoaded (0ms)
		ExecutionOrderSort2 (0ms)
		AwakeInstancesAfterBackupRestoration (8ms)
WARNING: Shader Unsupported: 'Hidden/Universal Render Pipeline/Terrain/Lit (Base Pass Stencil)' - All subshaders removed
WARNING: Shader Did you use #pragma only_renderers and omit this platform?
WARNING: Shader If subshaders removal was intentional, you may have forgotten turning Fallback off?
WARNING: Shader Unsupported: 'Hidden/Universal Render Pipeline/Terrain/Lit (Base Pass Stencil)' - All subshaders removed
WARNING: Shader Did you use #pragma only_renderers and omit this platform?
WARNING: Shader If subshaders removal was intentional, you may have forgotten turning Fallback off?
WARNING: Shader Unsupported: 'Universal Render Pipeline/Terrain/Lit (Stencil)' - All subshaders removed
WARNING: Shader Did you use #pragma only_renderers and omit this platform?
WARNING: Shader If subshaders removal was intentional, you may have forgotten turning Fallback off?
WARNING: Shader Unsupported: 'Universal Render Pipeline/Terrain/Lit (Stencil)' - All subshaders removed
WARNING: Shader Did you use #pragma only_renderers and omit this platform?
WARNING: Shader If subshaders removal was intentional, you may have forgotten turning Fallback off?
Launched and connected shader compiler UnityShaderCompiler.exe after 0.10 seconds
Refreshing native plugins compatible for Editor in 2.67 ms, found 2 plugins.
Preloading 0 native plugins for Editor in 0.00 ms.
Unloading 4335 Unused Serialized files (Serialized files now loaded: 0)
Unloading 34 unused Assets / (2.4 MB). Loaded Objects now: 4792.
Memory consumption went from 277.9 MB to 275.4 MB.
Total: 3.073300 ms (FindLiveObjects: 0.268400 ms CreateObjectMapping: 0.116800 ms MarkObjects: 2.167700 ms  DeleteObjects: 0.519200 ms)

AssetImportParameters requested are different than current active one (requested -> active):
  custom:container-demuxer-ogg: 62fdf1f143b41e24485cea50d1cbac27 -> 
  custom:video-codec-MediaFoundation-h265: 746d11721c4dcdbdad8f713fa42b33f4 -> 
  custom:video-decoder-ogg-theora: a1e56fd34408186e4bbccfd4996cb3dc -> 
  custom:framework-win-MediaFoundation: 216162199b28c13a410421893ffa2e32 -> 
  custom:CustomObjectIndexerAttribute: 3ead1caaecf1c488f20bcfeb224b6af5 -> 
  custom:container-demuxer-webm: 4f35f7cbe854078d1ac9338744f61a02 -> 
  custom:container-muxer-webm: aa71ff27fc2769a1b78a27578f13a17b -> 
  custom:video-decoder-webm-vp8: 9c59270c3fd7afecdb556c50c9e8de78 -> 
  custom:SearchIndexIgnoredProperties: e643bd26f0fe6173181afceb89e7c659 -> 
  custom:AudioImporter_EditorPlatform: d09bf68614088b80899f8185d706f6e7 -> 
  custom:video-encoder-webm-vp8: eb34c28f22e8b96e1ab97ce403110664 -> 
  custom:audio-decoder-ogg-vorbis: bf7c407c2cedff20999df2af8eb42d56 -> 
  custom:audio-encoder-webm-vorbis: bf7c407c2cedff20999df2af8eb42d56 -> 
========================================================================
Received Import Request.
  Time since last request: 1377091.868933 seconds.
  path: Assets/BK/PureNature_Volcano/Textures/Lava/Materials/Lava_lake_medium.mat
  artifactKey: Guid(37b48b4bd52e417f81ad323741c8ee96) Importer(815301076,1909f56bfc062723c751e8b465ee728b)
Start importing Assets/BK/PureNature_Volcano/Textures/Lava/Materials/Lava_lake_medium.mat using Guid(37b48b4bd52e417f81ad323741c8ee96) Importer(815301076,1909f56bfc062723c751e8b465ee728b) [PhysX] Initialized MultithreadedTaskDispatcher with 20 workers.
[PhysX] Initialized MultithreadedTaskDispatcher with 20 workers.
 -> (artifact id: '841a119f57ba2faee7c41a1165ffd012') in 0.246806 seconds
Number of updated asset objects reloaded before import = 0
Number of asset objects unloaded after import = 27
========================================================================
Received Import Request.
  Time since last request: 23.764004 seconds.
  path: Assets/mihayou/Materials/MI_Statue_Base_Klee 1.mat
  artifactKey: Guid(d6fb112d73294be4591ae5f31caf1bda) Importer(815301076,1909f56bfc062723c751e8b465ee728b)
Start importing Assets/mihayou/Materials/MI_Statue_Base_Klee 1.mat using Guid(d6fb112d73294be4591ae5f31caf1bda) Importer(815301076,1909f56bfc062723c751e8b465ee728b) [PhysX] Initialized MultithreadedTaskDispatcher with 20 workers.
[PhysX] Initialized MultithreadedTaskDispatcher with 20 workers.
 -> (artifact id: '12fb644b065b3c8c84bd878f8a6ec9ec') in 0.151369 seconds
Number of updated asset objects reloaded before import = 0
Number of asset objects unloaded after import = 7
========================================================================
Received Import Request.
  Time since last request: 2.316343 seconds.
  path: Assets/mihayou/Materials/Shasder/My_Stencil_Only 1.mat
  artifactKey: Guid(661aa3e039b21204a8fc0d8241d50cbc) Importer(815301076,1909f56bfc062723c751e8b465ee728b)
Start importing Assets/mihayou/Materials/Shasder/My_Stencil_Only 1.mat using Guid(661aa3e039b21204a8fc0d8241d50cbc) Importer(815301076,1909f56bfc062723c751e8b465ee728b) [PhysX] Initialized MultithreadedTaskDispatcher with 20 workers.
[PhysX] Initialized MultithreadedTaskDispatcher with 20 workers.
 -> (artifact id: '189955a7dbf429268f881774840a8725') in 0.005925 seconds
Number of updated asset objects reloaded before import = 0
Number of asset objects unloaded after import = 2
========================================================================
Received Import Request.
  Time since last request: 0.000020 seconds.
  path: Assets/mihayou/Materials/Shasder/My_Stencil_Only 2.mat
  artifactKey: Guid(a993d63e42b09244ab051ffafdd0b506) Importer(815301076,1909f56bfc062723c751e8b465ee728b)
Start importing Assets/mihayou/Materials/Shasder/My_Stencil_Only 2.mat using Guid(a993d63e42b09244ab051ffafdd0b506) Importer(815301076,1909f56bfc062723c751e8b465ee728b) [PhysX] Initialized MultithreadedTaskDispatcher with 20 workers.
[PhysX] Initialized MultithreadedTaskDispatcher with 20 workers.
 -> (artifact id: '483b98deee5a6b19af663e6605ce9b53') in 0.006622 seconds
Number of updated asset objects reloaded before import = 0
Number of asset objects unloaded after import = 2
========================================================================
Received Import Request.
  Time since last request: 37.148191 seconds.
  path: Assets/Presets/NormalTexture.preset
  artifactKey: Guid(14a57cf3b9fa1c74b884aa7e0dcf1faa) Importer(815301076,1909f56bfc062723c751e8b465ee728b)
Start importing Assets/Presets/NormalTexture.preset using Guid(14a57cf3b9fa1c74b884aa7e0dcf1faa) Importer(815301076,1909f56bfc062723c751e8b465ee728b) [PhysX] Initialized MultithreadedTaskDispatcher with 20 workers.
 -> (artifact id: 'b59b369697b5959f43878b1929520c56') in 0.004526 seconds
Number of updated asset objects reloaded before import = 0
Number of asset objects unloaded after import = 1
========================================================================
Received Import Request.
  Time since last request: 3.736533 seconds.
  path: Assets/Presets/Defaults/DirectionalLight_Default.preset
  artifactKey: Guid(463065d4f17d1d94d848aa127b94dd43) Importer(815301076,1909f56bfc062723c751e8b465ee728b)
Start importing Assets/Presets/Defaults/DirectionalLight_Default.preset using Guid(463065d4f17d1d94d848aa127b94dd43) Importer(815301076,1909f56bfc062723c751e8b465ee728b) [PhysX] Initialized MultithreadedTaskDispatcher with 20 workers.
 -> (artifact id: '0f2b7e99cdde66807fdfa21d23898677') in 0.001141 seconds
Number of updated asset objects reloaded before import = 0
Number of asset objects unloaded after import = 1
========================================================================
Received Import Request.
  Time since last request: 42.270556 seconds.
  path: Assets/BK/PureNature_Volcano/Prefabs/Fx/Lava_Bubbles.prefab
  artifactKey: Guid(9f50ac3b73ca4614a89e246148d79219) Importer(815301076,1909f56bfc062723c751e8b465ee728b)
Start importing Assets/BK/PureNature_Volcano/Prefabs/Fx/Lava_Bubbles.prefab using Guid(9f50ac3b73ca4614a89e246148d79219) Importer(815301076,1909f56bfc062723c751e8b465ee728b) [PhysX] Initialized MultithreadedTaskDispatcher with 20 workers.
[PhysX] Initialized MultithreadedTaskDispatcher with 20 workers.
 -> (artifact id: 'c0400b1eff1dd23dea90cd79ebd9e0fe') in 0.448154 seconds
Number of updated asset objects reloaded before import = 0
Number of asset objects unloaded after import = 10
========================================================================
Received Import Request.
  Time since last request: 0.000019 seconds.
  path: Assets/BK/PureNature_Volcano/Models/LavaDry/Textures/LavaDry_0_mask.png
  artifactKey: Guid(4ab2867f69994ea9a1b913f7e72ddc67) Importer(815301076,1909f56bfc062723c751e8b465ee728b)
Start importing Assets/BK/PureNature_Volcano/Models/LavaDry/Textures/LavaDry_0_mask.png using Guid(4ab2867f69994ea9a1b913f7e72ddc67) Importer(815301076,1909f56bfc062723c751e8b465ee728b) [PhysX] Initialized MultithreadedTaskDispatcher with 20 workers.
[PhysX] Initialized MultithreadedTaskDispatcher with 20 workers.
 -> (artifact id: '0319d90d0729748e14f5833f2fdb0b60') in 0.022775 seconds
Number of updated asset objects reloaded before import = 0
Number of asset objects unloaded after import = 2
========================================================================
Received Import Request.
  Time since last request: 0.000029 seconds.
  path: Assets/BK/PureNature_Volcano/Models/LavaDry/Textures/LavaDry_4_mask.png
  artifactKey: Guid(04e89dd52560422ba1ba9d2aab7477df) Importer(815301076,1909f56bfc062723c751e8b465ee728b)
Start importing Assets/BK/PureNature_Volcano/Models/LavaDry/Textures/LavaDry_4_mask.png using Guid(04e89dd52560422ba1ba9d2aab7477df) Importer(815301076,1909f56bfc062723c751e8b465ee728b) [PhysX] Initialized MultithreadedTaskDispatcher with 20 workers.
[PhysX] Initialized MultithreadedTaskDispatcher with 20 workers.
 -> (artifact id: 'ba40e249daef7037f010005644c57aff') in 0.021142 seconds
Number of updated asset objects reloaded before import = 0
Number of asset objects unloaded after import = 2
========================================================================
Received Import Request.
  Time since last request: 0.000019 seconds.
  path: Assets/BK/PureNature_Volcano/Models/LavaDry/Textures/Materials/LavaDry_1.mat
  artifactKey: Guid(76245e64bfac4df4b0e691b194d6a569) Importer(815301076,1909f56bfc062723c751e8b465ee728b)
Start importing Assets/BK/PureNature_Volcano/Models/LavaDry/Textures/Materials/LavaDry_1.mat using Guid(76245e64bfac4df4b0e691b194d6a569) Importer(815301076,1909f56bfc062723c751e8b465ee728b) [PhysX] Initialized MultithreadedTaskDispatcher with 20 workers.
[PhysX] Initialized MultithreadedTaskDispatcher with 20 workers.
 -> (artifact id: '38e091dae6fcf6355e54a235b57420ba') in 0.548105 seconds
Number of updated asset objects reloaded before import = 0
Number of asset objects unloaded after import = 8
========================================================================
Received Import Request.
  Time since last request: 0.000037 seconds.
  path: Assets/BK/PureNature_Volcano/Textures/Fx/Textures/Materials/Lava_Spark.mat
  artifactKey: Guid(8202f4c9551f44588c88dfe3f10b50a5) Importer(815301076,1909f56bfc062723c751e8b465ee728b)
Start importing Assets/BK/PureNature_Volcano/Textures/Fx/Textures/Materials/Lava_Spark.mat using Guid(8202f4c9551f44588c88dfe3f10b50a5) Importer(815301076,1909f56bfc062723c751e8b465ee728b) [PhysX] Initialized MultithreadedTaskDispatcher with 20 workers.
[PhysX] Initialized MultithreadedTaskDispatcher with 20 workers.
 -> (artifact id: '5d23639f4607a925043a641eb8bc0e82') in 0.060560 seconds
Number of updated asset objects reloaded before import = 0
Number of asset objects unloaded after import = 2
========================================================================
Received Import Request.
  Time since last request: 0.000029 seconds.
  path: Assets/BK/PureNature_Volcano/Textures/Lava/Materials/Lava_lake_large.mat
  artifactKey: Guid(ad4468edcb3648b19b728ef258fa9501) Importer(815301076,1909f56bfc062723c751e8b465ee728b)
Start importing Assets/BK/PureNature_Volcano/Textures/Lava/Materials/Lava_lake_large.mat using Guid(ad4468edcb3648b19b728ef258fa9501) Importer(815301076,1909f56bfc062723c751e8b465ee728b) [PhysX] Initialized MultithreadedTaskDispatcher with 20 workers.
[PhysX] Initialized MultithreadedTaskDispatcher with 20 workers.
 -> (artifact id: '310ac863d5ba112509e9bd98fed702a1') in 0.157168 seconds
Number of updated asset objects reloaded before import = 0
Number of asset objects unloaded after import = 11
========================================================================
Received Import Request.
  Time since last request: 0.000036 seconds.
  path: Assets/BK/PureNature_Volcano/Prefabs/LavaDry/LavaDry_0.prefab
  artifactKey: Guid(9fd7993916584012a6494cf98ba09474) Importer(815301076,1909f56bfc062723c751e8b465ee728b)
Start importing Assets/BK/PureNature_Volcano/Prefabs/LavaDry/LavaDry_0.prefab using Guid(9fd7993916584012a6494cf98ba09474) Importer(815301076,1909f56bfc062723c751e8b465ee728b) [PhysX] Initialized MultithreadedTaskDispatcher with 20 workers.
[PhysX] Initialized MultithreadedTaskDispatcher with 20 workers.
 -> (artifact id: 'dc2e39f174732be4d98738ef409a1b0a') in 0.050456 seconds
Number of updated asset objects reloaded before import = 0
Number of asset objects unloaded after import = 65
========================================================================
Received Import Request.
  Time since last request: 0.000031 seconds.
  path: Assets/BK/PureNature_Volcano/Models/LavaDry/Textures/LavaDry_2_mask.png
  artifactKey: Guid(4e1c1fc581a644a696b1034336bfa827) Importer(815301076,1909f56bfc062723c751e8b465ee728b)
Start importing Assets/BK/PureNature_Volcano/Models/LavaDry/Textures/LavaDry_2_mask.png using Guid(4e1c1fc581a644a696b1034336bfa827) Importer(815301076,1909f56bfc062723c751e8b465ee728b) [PhysX] Initialized MultithreadedTaskDispatcher with 20 workers.
[PhysX] Initialized MultithreadedTaskDispatcher with 20 workers.
 -> (artifact id: 'f169834686e3a1a1d127d28c32b5cc73') in 0.017234 seconds
Number of updated asset objects reloaded before import = 0
Number of asset objects unloaded after import = 2
========================================================================
Received Import Request.
  Time since last request: 0.000042 seconds.
  path: Assets/BK/PureNature_Volcano/Prefabs/Fx/Lava_sparkles.prefab
  artifactKey: Guid(1d16190d5ec84436aa2bb842216f849f) Importer(815301076,1909f56bfc062723c751e8b465ee728b)
Start importing Assets/BK/PureNature_Volcano/Prefabs/Fx/Lava_sparkles.prefab using Guid(1d16190d5ec84436aa2bb842216f849f) Importer(815301076,1909f56bfc062723c751e8b465ee728b) [PhysX] Initialized MultithreadedTaskDispatcher with 20 workers.
[PhysX] Initialized MultithreadedTaskDispatcher with 20 workers.
 -> (artifact id: 'ab48ea7ae38632ff3e9418e13e5bb3fb') in 0.008560 seconds
Number of updated asset objects reloaded before import = 0
Number of asset objects unloaded after import = 8
========================================================================
Received Import Request.
  Time since last request: 0.000017 seconds.
  path: Assets/BK/PureNature_Volcano/Prefabs/LavaDry/LavaDry_1.prefab
  artifactKey: Guid(bfa394d0dbbb450b8351b4a441f3b83f) Importer(815301076,1909f56bfc062723c751e8b465ee728b)
Start importing Assets/BK/PureNature_Volcano/Prefabs/LavaDry/LavaDry_1.prefab using Guid(bfa394d0dbbb450b8351b4a441f3b83f) Importer(815301076,1909f56bfc062723c751e8b465ee728b) [PhysX] Initialized MultithreadedTaskDispatcher with 20 workers.
[PhysX] Initialized MultithreadedTaskDispatcher with 20 workers.
 -> (artifact id: '8c5a98728b37a5113b1dc0e763ad1a73') in 0.042620 seconds
Number of updated asset objects reloaded before import = 0
Number of asset objects unloaded after import = 65
========================================================================
Received Import Request.
  Time since last request: 0.000030 seconds.
  path: Assets/BK/PureNature_Volcano/Models/LavaDry/Textures/LavaDry_0_a.png
  artifactKey: Guid(8157d2c067644a1b99947f2fddf9064c) Importer(815301076,1909f56bfc062723c751e8b465ee728b)
Start importing Assets/BK/PureNature_Volcano/Models/LavaDry/Textures/LavaDry_0_a.png using Guid(8157d2c067644a1b99947f2fddf9064c) Importer(815301076,1909f56bfc062723c751e8b465ee728b) [PhysX] Initialized MultithreadedTaskDispatcher with 20 workers.
[PhysX] Initialized MultithreadedTaskDispatcher with 20 workers.
 -> (artifact id: 'fa0c1baa7e55b12a0ad78ab59ffc24ed') in 0.008984 seconds
Number of updated asset objects reloaded before import = 0
Number of asset objects unloaded after import = 2
========================================================================
Received Import Request.
  Time since last request: 0.000037 seconds.
  path: Assets/BK/PureNature_Volcano/Textures/Surfaces/Layers/LavaDry.terrainlayer
  artifactKey: Guid(c7d7a57107b547678cdcee361d21d23c) Importer(815301076,1909f56bfc062723c751e8b465ee728b)
Start importing Assets/BK/PureNature_Volcano/Textures/Surfaces/Layers/LavaDry.terrainlayer using Guid(c7d7a57107b547678cdcee361d21d23c) Importer(815301076,1909f56bfc062723c751e8b465ee728b) [PhysX] Initialized MultithreadedTaskDispatcher with 20 workers.
 -> (artifact id: '45e897e12b6ce898fad514c060e6e09a') in 0.014675 seconds
Number of updated asset objects reloaded before import = 0
Number of asset objects unloaded after import = 4
========================================================================
Received Import Request.
  Time since last request: 0.000017 seconds.
  path: Assets/BK/PureNature_Volcano/Models/LavaDry/Textures/LavaDry_1_mask.png
  artifactKey: Guid(9d6d848975a14202a7941d4db8faf347) Importer(815301076,1909f56bfc062723c751e8b465ee728b)
Start importing Assets/BK/PureNature_Volcano/Models/LavaDry/Textures/LavaDry_1_mask.png using Guid(9d6d848975a14202a7941d4db8faf347) Importer(815301076,1909f56bfc062723c751e8b465ee728b) [PhysX] Initialized MultithreadedTaskDispatcher with 20 workers.
[PhysX] Initialized MultithreadedTaskDispatcher with 20 workers.
 -> (artifact id: '72fec2aa0e2959c141518e5bdaca7ed5') in 0.017316 seconds
Number of updated asset objects reloaded before import = 0
Number of asset objects unloaded after import = 2
========================================================================
Received Import Request.
  Time since last request: 0.000023 seconds.
  path: Assets/BK/PureNature_Volcano/Prefabs/LavaDry/LavaDry_2.prefab
  artifactKey: Guid(d7ba9424b532477483d5fbacadd3c02b) Importer(815301076,1909f56bfc062723c751e8b465ee728b)
Start importing Assets/BK/PureNature_Volcano/Prefabs/LavaDry/LavaDry_2.prefab using Guid(d7ba9424b532477483d5fbacadd3c02b) Importer(815301076,1909f56bfc062723c751e8b465ee728b) [PhysX] Initialized MultithreadedTaskDispatcher with 20 workers.
[PhysX] Initialized MultithreadedTaskDispatcher with 20 workers.
 -> (artifact id: '30ef4a59d2743c5c8466687e5a4d8049') in 0.046056 seconds
Number of updated asset objects reloaded before import = 0
Number of asset objects unloaded after import = 65
========================================================================
Received Import Request.
  Time since last request: 0.000036 seconds.
  path: Assets/BK/PureNature_Volcano/Prefabs/LavaDry/LavaDry_4.prefab
  artifactKey: Guid(8deaa45139024b5eac989478aaf55d89) Importer(815301076,1909f56bfc062723c751e8b465ee728b)
Start importing Assets/BK/PureNature_Volcano/Prefabs/LavaDry/LavaDry_4.prefab using Guid(8deaa45139024b5eac989478aaf55d89) Importer(815301076,1909f56bfc062723c751e8b465ee728b) [PhysX] Initialized MultithreadedTaskDispatcher with 20 workers.
[PhysX] Initialized MultithreadedTaskDispatcher with 20 workers.
 -> (artifact id: 'a5b11ca34f94a14742cd459b04da9f1e') in 0.044772 seconds
Number of updated asset objects reloaded before import = 0
Number of asset objects unloaded after import = 65
========================================================================
Received Import Request.
  Time since last request: 0.000049 seconds.
  path: Assets/BK/PureNature_Volcano/Prefabs/Lava/LavaFall_1.prefab
  artifactKey: Guid(ac55dfd45cf14679ae6bc0ceee8768c6) Importer(815301076,1909f56bfc062723c751e8b465ee728b)
Start importing Assets/BK/PureNature_Volcano/Prefabs/Lava/LavaFall_1.prefab using Guid(ac55dfd45cf14679ae6bc0ceee8768c6) Importer(815301076,1909f56bfc062723c751e8b465ee728b) [PhysX] Initialized MultithreadedTaskDispatcher with 20 workers.
[PhysX] Initialized MultithreadedTaskDispatcher with 20 workers.
 -> (artifact id: '89b288e173b29140d6c3006b4a30940b') in 0.017158 seconds
Number of updated asset objects reloaded before import = 0
Number of asset objects unloaded after import = 72
========================================================================
Received Import Request.
  Time since last request: 0.000019 seconds.
  path: Assets/BK/PureNature_Volcano/Models/LavaDry/LavaDry_0.fbx
  artifactKey: Guid(d53877e6421f4b4b9e64d6c1999a0f38) Importer(815301076,1909f56bfc062723c751e8b465ee728b)
Start importing Assets/BK/PureNature_Volcano/Models/LavaDry/LavaDry_0.fbx using Guid(d53877e6421f4b4b9e64d6c1999a0f38) Importer(815301076,1909f56bfc062723c751e8b465ee728b) [PhysX] Initialized MultithreadedTaskDispatcher with 20 workers.
[PhysX] Initialized MultithreadedTaskDispatcher with 20 workers.
[PhysX] Initialized MultithreadedTaskDispatcher with 20 workers.
[PhysX] Initialized MultithreadedTaskDispatcher with 20 workers.
[PhysX] Initialized MultithreadedTaskDispatcher with 20 workers.
[PhysX] Initialized MultithreadedTaskDispatcher with 20 workers.
[PhysX] Initialized MultithreadedTaskDispatcher with 20 workers.
[PhysX] Initialized MultithreadedTaskDispatcher with 20 workers.
[PhysX] Initialized MultithreadedTaskDispatcher with 20 workers.
[PhysX] Initialized MultithreadedTaskDispatcher with 20 workers.
[PhysX] Initialized MultithreadedTaskDispatcher with 20 workers.
[PhysX] Initialized MultithreadedTaskDispatcher with 20 workers.
 -> (artifact id: 'c27040b84c037e3cc711c5c714ca4de4') in 0.061709 seconds
Number of updated asset objects reloaded before import = 0
Number of asset objects unloaded after import = 31
========================================================================
Received Import Request.
  Time since last request: 0.000021 seconds.
  path: Assets/BK/PureNature_Volcano/Models/LavaDry/Textures/LavaDry_4_a.png
  artifactKey: Guid(0e420aadf60f42c6a4c1ae0b238aaa34) Importer(815301076,1909f56bfc062723c751e8b465ee728b)
Start importing Assets/BK/PureNature_Volcano/Models/LavaDry/Textures/LavaDry_4_a.png using Guid(0e420aadf60f42c6a4c1ae0b238aaa34) Importer(815301076,1909f56bfc062723c751e8b465ee728b) [PhysX] Initialized MultithreadedTaskDispatcher with 20 workers.
[PhysX] Initialized MultithreadedTaskDispatcher with 20 workers.
 -> (artifact id: '8902966f4f59a559751658bd5ea33ef5') in 0.008567 seconds
Number of updated asset objects reloaded before import = 0
Number of asset objects unloaded after import = 2
========================================================================
Received Import Request.
  Time since last request: 0.000019 seconds.
  path: Assets/BK/PureNature_Volcano/Models/LavaDry/Textures/LavaDry_2_n.png
  artifactKey: Guid(583f0298c3c24eb48f1c9ae311bae4a5) Importer(815301076,1909f56bfc062723c751e8b465ee728b)
Start importing Assets/BK/PureNature_Volcano/Models/LavaDry/Textures/LavaDry_2_n.png using Guid(583f0298c3c24eb48f1c9ae311bae4a5) Importer(815301076,1909f56bfc062723c751e8b465ee728b) [PhysX] Initialized MultithreadedTaskDispatcher with 20 workers.
[PhysX] Initialized MultithreadedTaskDispatcher with 20 workers.
 -> (artifact id: '16f58fb3ded2a29d532d6ec099b2458f') in 0.020952 seconds
Number of updated asset objects reloaded before import = 0
Number of asset objects unloaded after import = 2
========================================================================
Received Import Request.
  Time since last request: 0.000031 seconds.
  path: Assets/BK/PureNature_Volcano/Textures/Fx/Textures/Lava_splash_a.png
  artifactKey: Guid(a6c66f65a7414872bda24bf955a4d7ab) Importer(815301076,1909f56bfc062723c751e8b465ee728b)
Start importing Assets/BK/PureNature_Volcano/Textures/Fx/Textures/Lava_splash_a.png using Guid(a6c66f65a7414872bda24bf955a4d7ab) Importer(815301076,1909f56bfc062723c751e8b465ee728b) [PhysX] Initialized MultithreadedTaskDispatcher with 20 workers.
[PhysX] Initialized MultithreadedTaskDispatcher with 20 workers.
 -> (artifact id: 'af1e5efe36279ed2973c231b781ba810') in 0.007127 seconds
Number of updated asset objects reloaded before import = 0
Number of asset objects unloaded after import = 2
========================================================================
Received Import Request.
  Time since last request: 0.000022 seconds.
  path: Assets/BK/PureNature_Volcano/Models/LavaDry/Textures/LavaDry_1_a.png
  artifactKey: Guid(37d226dfe9fc4e14be775f67850f21aa) Importer(815301076,1909f56bfc062723c751e8b465ee728b)
Start importing Assets/BK/PureNature_Volcano/Models/LavaDry/Textures/LavaDry_1_a.png using Guid(37d226dfe9fc4e14be775f67850f21aa) Importer(815301076,1909f56bfc062723c751e8b465ee728b) [PhysX] Initialized MultithreadedTaskDispatcher with 20 workers.
[PhysX] Initialized MultithreadedTaskDispatcher with 20 workers.
 -> (artifact id: '529df85327bc5774dbc73979842c5705') in 0.009296 seconds
Number of updated asset objects reloaded before import = 0
Number of asset objects unloaded after import = 2
========================================================================
Received Import Request.
  Time since last request: 18.757882 seconds.
  path: Assets/BK/PureNature_Volcano/Models/LavaStreams/LavaFall_3.fbx
  artifactKey: Guid(b9d61559f3d7433b8884ab2d12493819) Importer(815301076,1909f56bfc062723c751e8b465ee728b)
Start importing Assets/BK/PureNature_Volcano/Models/LavaStreams/LavaFall_3.fbx using Guid(b9d61559f3d7433b8884ab2d12493819) Importer(815301076,1909f56bfc062723c751e8b465ee728b) [PhysX] Initialized MultithreadedTaskDispatcher with 20 workers.
[PhysX] Initialized MultithreadedTaskDispatcher with 20 workers.
[PhysX] Initialized MultithreadedTaskDispatcher with 20 workers.
[PhysX] Initialized MultithreadedTaskDispatcher with 20 workers.
[PhysX] Initialized MultithreadedTaskDispatcher with 20 workers.
[PhysX] Initialized MultithreadedTaskDispatcher with 20 workers.
[PhysX] Initialized MultithreadedTaskDispatcher with 20 workers.
[PhysX] Initialized MultithreadedTaskDispatcher with 20 workers.
[PhysX] Initialized MultithreadedTaskDispatcher with 20 workers.
[PhysX] Initialized MultithreadedTaskDispatcher with 20 workers.
[PhysX] Initialized MultithreadedTaskDispatcher with 20 workers.
[PhysX] Initialized MultithreadedTaskDispatcher with 20 workers.
 -> (artifact id: 'a9cc6c63989e097d9a1a3666fbe89dfe') in 0.052710 seconds
Number of updated asset objects reloaded before import = 0
Number of asset objects unloaded after import = 36
========================================================================
Received Import Request.
  Time since last request: 18.411361 seconds.
  path: Assets/BK/PureNature_Volcano/Prefabs/Lava/LavaFall_6.prefab
  artifactKey: Guid(aa45fa2dc928421dac5b5cb422399a4b) Importer(815301076,1909f56bfc062723c751e8b465ee728b)
Start importing Assets/BK/PureNature_Volcano/Prefabs/Lava/LavaFall_6.prefab using Guid(aa45fa2dc928421dac5b5cb422399a4b) Importer(815301076,1909f56bfc062723c751e8b465ee728b) [PhysX] Initialized MultithreadedTaskDispatcher with 20 workers.
[PhysX] Initialized MultithreadedTaskDispatcher with 20 workers.
 -> (artifact id: '166e03c03884ccfaff0a454908ee2d49') in 0.023599 seconds
Number of updated asset objects reloaded before import = 0
Number of asset objects unloaded after import = 72
========================================================================
Received Import Request.
  Time since last request: 0.000026 seconds.
  path: Assets/BK/PureNature_Volcano/Models/LavaStreams/LavaStream_1.fbx
  artifactKey: Guid(8cbcf2faa18447ab86f25f296754e5cf) Importer(815301076,1909f56bfc062723c751e8b465ee728b)
Start importing Assets/BK/PureNature_Volcano/Models/LavaStreams/LavaStream_1.fbx using Guid(8cbcf2faa18447ab86f25f296754e5cf) Importer(815301076,1909f56bfc062723c751e8b465ee728b) [PhysX] Initialized MultithreadedTaskDispatcher with 20 workers.
[PhysX] Initialized MultithreadedTaskDispatcher with 20 workers.
[PhysX] Initialized MultithreadedTaskDispatcher with 20 workers.
[PhysX] Initialized MultithreadedTaskDispatcher with 20 workers.
[PhysX] Initialized MultithreadedTaskDispatcher with 20 workers.
[PhysX] Initialized MultithreadedTaskDispatcher with 20 workers.
[PhysX] Initialized MultithreadedTaskDispatcher with 20 workers.
[PhysX] Initialized MultithreadedTaskDispatcher with 20 workers.
[PhysX] Initialized MultithreadedTaskDispatcher with 20 workers.
[PhysX] Initialized MultithreadedTaskDispatcher with 20 workers.
[PhysX] Initialized MultithreadedTaskDispatcher with 20 workers.
[PhysX] Initialized MultithreadedTaskDispatcher with 20 workers.
 -> (artifact id: '05962934070d0f7227d2e99b4c02b9af') in 0.045242 seconds
Number of updated asset objects reloaded before import = 0
Number of asset objects unloaded after import = 36
========================================================================
Received Import Request.
  Time since last request: 16.094294 seconds.
  path: Assets/BK/PureNature_Volcano/Prefabs/Lava/LavaStream_4.prefab
  artifactKey: Guid(b4167230beba4ed39cbfaa50b3b69082) Importer(815301076,1909f56bfc062723c751e8b465ee728b)
Start importing Assets/BK/PureNature_Volcano/Prefabs/Lava/LavaStream_4.prefab using Guid(b4167230beba4ed39cbfaa50b3b69082) Importer(815301076,1909f56bfc062723c751e8b465ee728b) [PhysX] Initialized MultithreadedTaskDispatcher with 20 workers.
[PhysX] Initialized MultithreadedTaskDispatcher with 20 workers.
 -> (artifact id: '2efc9fe571231c6567a725538aaf2525') in 0.022372 seconds
Number of updated asset objects reloaded before import = 0
Number of asset objects unloaded after import = 72
========================================================================
Received Import Request.
  Time since last request: 0.021042 seconds.
  path: Assets/BK/PureNature_Volcano/Prefabs/Lava/LavaStream_6.prefab
  artifactKey: Guid(f9a81ebc93f5401b97ae2d71bc10c8a4) Importer(815301076,1909f56bfc062723c751e8b465ee728b)
Start importing Assets/BK/PureNature_Volcano/Prefabs/Lava/LavaStream_6.prefab using Guid(f9a81ebc93f5401b97ae2d71bc10c8a4) Importer(815301076,1909f56bfc062723c751e8b465ee728b) [PhysX] Initialized MultithreadedTaskDispatcher with 20 workers.
[PhysX] Initialized MultithreadedTaskDispatcher with 20 workers.
 -> (artifact id: '6976a653daffc713d8739b6fd237fec8') in 0.018918 seconds
Number of updated asset objects reloaded before import = 0
Number of asset objects unloaded after import = 72
========================================================================
Received Import Request.
  Time since last request: 0.000021 seconds.
  path: Assets/BK/PureNature_Volcano/Models/LavaStreams/LavaStream_8.fbx
  artifactKey: Guid(41d83add63f44169b067166aa5d05b2a) Importer(815301076,1909f56bfc062723c751e8b465ee728b)
Start importing Assets/BK/PureNature_Volcano/Models/LavaStreams/LavaStream_8.fbx using Guid(41d83add63f44169b067166aa5d05b2a) Importer(815301076,1909f56bfc062723c751e8b465ee728b) [PhysX] Initialized MultithreadedTaskDispatcher with 20 workers.
[PhysX] Initialized MultithreadedTaskDispatcher with 20 workers.
[PhysX] Initialized MultithreadedTaskDispatcher with 20 workers.
[PhysX] Initialized MultithreadedTaskDispatcher with 20 workers.
[PhysX] Initialized MultithreadedTaskDispatcher with 20 workers.
[PhysX] Initialized MultithreadedTaskDispatcher with 20 workers.
[PhysX] Initialized MultithreadedTaskDispatcher with 20 workers.
[PhysX] Initialized MultithreadedTaskDispatcher with 20 workers.
[PhysX] Initialized MultithreadedTaskDispatcher with 20 workers.
[PhysX] Initialized MultithreadedTaskDispatcher with 20 workers.
[PhysX] Initialized MultithreadedTaskDispatcher with 20 workers.
[PhysX] Initialized MultithreadedTaskDispatcher with 20 workers.
 -> (artifact id: 'c6be71ea1c77c76248db644012505bf2') in 0.037337 seconds
Number of updated asset objects reloaded before import = 0
Number of asset objects unloaded after import = 36
========================================================================
Received Import Request.
  Time since last request: 0.166475 seconds.
  path: Assets/BK/PureNature_Volcano/Models/LavaStreams/LavaStream_10.fbx
  artifactKey: Guid(cff133c51d0c4a729881d02d6ed54080) Importer(815301076,1909f56bfc062723c751e8b465ee728b)
Start importing Assets/BK/PureNature_Volcano/Models/LavaStreams/LavaStream_10.fbx using Guid(cff133c51d0c4a729881d02d6ed54080) Importer(815301076,1909f56bfc062723c751e8b465ee728b) [PhysX] Initialized MultithreadedTaskDispatcher with 20 workers.
[PhysX] Initialized MultithreadedTaskDispatcher with 20 workers.
[PhysX] Initialized MultithreadedTaskDispatcher with 20 workers.
[PhysX] Initialized MultithreadedTaskDispatcher with 20 workers.
[PhysX] Initialized MultithreadedTaskDispatcher with 20 workers.
[PhysX] Initialized MultithreadedTaskDispatcher with 20 workers.
[PhysX] Initialized MultithreadedTaskDispatcher with 20 workers.
[PhysX] Initialized MultithreadedTaskDispatcher with 20 workers.
[PhysX] Initialized MultithreadedTaskDispatcher with 20 workers.
[PhysX] Initialized MultithreadedTaskDispatcher with 20 workers.
[PhysX] Initialized MultithreadedTaskDispatcher with 20 workers.
[PhysX] Initialized MultithreadedTaskDispatcher with 20 workers.
 -> (artifact id: 'f6364e9b6da1e33e7ad15a7004358466') in 0.046419 seconds
Number of updated asset objects reloaded before import = 0
Number of asset objects unloaded after import = 36
========================================================================
Received Import Request.
  Time since last request: 0.000027 seconds.
  path: Assets/BK/PureNature_Volcano/Prefabs/Lava/LavaStream_slope_5.prefab
  artifactKey: Guid(c028d875032947d488281af44ffe095f) Importer(815301076,1909f56bfc062723c751e8b465ee728b)
Start importing Assets/BK/PureNature_Volcano/Prefabs/Lava/LavaStream_slope_5.prefab using Guid(c028d875032947d488281af44ffe095f) Importer(815301076,1909f56bfc062723c751e8b465ee728b) [PhysX] Initialized MultithreadedTaskDispatcher with 20 workers.
[PhysX] Initialized MultithreadedTaskDispatcher with 20 workers.
 -> (artifact id: 'c32ea3c3a48f2b985ef6031c223f9b0e') in 0.017316 seconds
Number of updated asset objects reloaded before import = 0
Number of asset objects unloaded after import = 72
========================================================================
Received Import Request.
  Time since last request: 0.000032 seconds.
  path: Assets/BK/PureNature_Volcano/Models/LavaStreams/LavaStream_slope_5.fbx
  artifactKey: Guid(65a5cca466104c0b91ff3dfc8c6296a9) Importer(815301076,1909f56bfc062723c751e8b465ee728b)
Start importing Assets/BK/PureNature_Volcano/Models/LavaStreams/LavaStream_slope_5.fbx using Guid(65a5cca466104c0b91ff3dfc8c6296a9) Importer(815301076,1909f56bfc062723c751e8b465ee728b) [PhysX] Initialized MultithreadedTaskDispatcher with 20 workers.
[PhysX] Initialized MultithreadedTaskDispatcher with 20 workers.
[PhysX] Initialized MultithreadedTaskDispatcher with 20 workers.
[PhysX] Initialized MultithreadedTaskDispatcher with 20 workers.
[PhysX] Initialized MultithreadedTaskDispatcher with 20 workers.
[PhysX] Initialized MultithreadedTaskDispatcher with 20 workers.
[PhysX] Initialized MultithreadedTaskDispatcher with 20 workers.
[PhysX] Initialized MultithreadedTaskDispatcher with 20 workers.
[PhysX] Initialized MultithreadedTaskDispatcher with 20 workers.
[PhysX] Initialized MultithreadedTaskDispatcher with 20 workers.
[PhysX] Initialized MultithreadedTaskDispatcher with 20 workers.
[PhysX] Initialized MultithreadedTaskDispatcher with 20 workers.
 -> (artifact id: 'ef5b02627227aeba9b75a34e859c1417') in 0.047822 seconds
Number of updated asset objects reloaded before import = 0
Number of asset objects unloaded after import = 36
========================================================================
Received Import Request.
  Time since last request: 0.143162 seconds.
  path: Assets/BK/PureNature_Volcano/Prefabs/Lava/LavaStream_slope_10.prefab
  artifactKey: Guid(31047368b56c4fb897c9757e265aaf44) Importer(815301076,1909f56bfc062723c751e8b465ee728b)
Start importing Assets/BK/PureNature_Volcano/Prefabs/Lava/LavaStream_slope_10.prefab using Guid(31047368b56c4fb897c9757e265aaf44) Importer(815301076,1909f56bfc062723c751e8b465ee728b) [PhysX] Initialized MultithreadedTaskDispatcher with 20 workers.
[PhysX] Initialized MultithreadedTaskDispatcher with 20 workers.
 -> (artifact id: '8b6abcdce72bb56266fb8897c8df5349') in 0.017875 seconds
Number of updated asset objects reloaded before import = 0
Number of asset objects unloaded after import = 72
========================================================================
Received Import Request.
  Time since last request: 19.285362 seconds.
  path: Assets/BK/PureNature_Volcano/Textures/Surfaces/_RockDetail2_a.png
  artifactKey: Guid(033a4cedbc534c3faa4c3dfdaee1b7da) Importer(815301076,1909f56bfc062723c751e8b465ee728b)
Start importing Assets/BK/PureNature_Volcano/Textures/Surfaces/_RockDetail2_a.png using Guid(033a4cedbc534c3faa4c3dfdaee1b7da) Importer(815301076,1909f56bfc062723c751e8b465ee728b) [PhysX] Initialized MultithreadedTaskDispatcher with 20 workers.
[PhysX] Initialized MultithreadedTaskDispatcher with 20 workers.
 -> (artifact id: '0ab3f1002982895fc05e6db55dede185') in 0.008856 seconds
Number of updated asset objects reloaded before import = 0
Number of asset objects unloaded after import = 2
========================================================================
Received Import Request.
  Time since last request: 0.000092 seconds.
  path: Assets/BK/PureNature_Volcano/Models/Trees/Burntree/Burntree6/Burntree6_Impostor_a.tga
  artifactKey: Guid(f082d1f55cd040f883c4857f5d3dd196) Importer(815301076,1909f56bfc062723c751e8b465ee728b)
Start importing Assets/BK/PureNature_Volcano/Models/Trees/Burntree/Burntree6/Burntree6_Impostor_a.tga using Guid(f082d1f55cd040f883c4857f5d3dd196) Importer(815301076,1909f56bfc062723c751e8b465ee728b) [PhysX] Initialized MultithreadedTaskDispatcher with 20 workers.
[PhysX] Initialized MultithreadedTaskDispatcher with 20 workers.
 -> (artifact id: '0f4ad52d7e95b76690dde79360e1b850') in 0.007659 seconds
Number of updated asset objects reloaded before import = 0
Number of asset objects unloaded after import = 2
========================================================================
Received Import Request.
  Time since last request: 0.000017 seconds.
  path: Assets/BK/PureNature_Volcano/Textures/Surfaces/Mud_mask.png
  artifactKey: Guid(987cb6b7943b4cc1afd35b6fbbd42780) Importer(815301076,1909f56bfc062723c751e8b465ee728b)
Start importing Assets/BK/PureNature_Volcano/Textures/Surfaces/Mud_mask.png using Guid(987cb6b7943b4cc1afd35b6fbbd42780) Importer(815301076,1909f56bfc062723c751e8b465ee728b) [PhysX] Initialized MultithreadedTaskDispatcher with 20 workers.
[PhysX] Initialized MultithreadedTaskDispatcher with 20 workers.
 -> (artifact id: 'd19702ff9631ce3594859b994f6daf1d') in 0.009601 seconds
Number of updated asset objects reloaded before import = 0
Number of asset objects unloaded after import = 2
========================================================================
Received Import Request.
  Time since last request: 0.000091 seconds.
  path: Assets/BK/PureNature_Volcano/Models/Plants/Textures/Grass_n.png
  artifactKey: Guid(7333e6169c614756a411039220b2585c) Importer(815301076,1909f56bfc062723c751e8b465ee728b)
Start importing Assets/BK/PureNature_Volcano/Models/Plants/Textures/Grass_n.png using Guid(7333e6169c614756a411039220b2585c) Importer(815301076,1909f56bfc062723c751e8b465ee728b) [PhysX] Initialized MultithreadedTaskDispatcher with 20 workers.
[PhysX] Initialized MultithreadedTaskDispatcher with 20 workers.
 -> (artifact id: 'cad9d854e2b16025d580745bf0ad0009') in 0.005494 seconds
Number of updated asset objects reloaded before import = 0
Number of asset objects unloaded after import = 2
========================================================================
Received Import Request.
  Time since last request: 0.000020 seconds.
  path: Assets/BK/PureNature_Volcano/Models/BigBoulder/Textures/BigBoulderSharp_Cut_2_n.png
  artifactKey: Guid(4199927156eb44f6a5be8cb1213a422f) Importer(815301076,1909f56bfc062723c751e8b465ee728b)
Start importing Assets/BK/PureNature_Volcano/Models/BigBoulder/Textures/BigBoulderSharp_Cut_2_n.png using Guid(4199927156eb44f6a5be8cb1213a422f) Importer(815301076,1909f56bfc062723c751e8b465ee728b) [PhysX] Initialized MultithreadedTaskDispatcher with 20 workers.
[PhysX] Initialized MultithreadedTaskDispatcher with 20 workers.
 -> (artifact id: '89aa9068fa491a5b317985c1bfdc466d') in 0.018072 seconds
Number of updated asset objects reloaded before import = 0
Number of asset objects unloaded after import = 2
========================================================================
Received Import Request.
  Time since last request: 0.000024 seconds.
  path: Assets/BK/PureNature_Volcano/Models/Trees/Burntree/Burntree4/Burntree4_Impostor_n.tga
  artifactKey: Guid(0a01586a8d6e4645ae1a10dafbad1f69) Importer(815301076,1909f56bfc062723c751e8b465ee728b)
Start importing Assets/BK/PureNature_Volcano/Models/Trees/Burntree/Burntree4/Burntree4_Impostor_n.tga using Guid(0a01586a8d6e4645ae1a10dafbad1f69) Importer(815301076,1909f56bfc062723c751e8b465ee728b) [PhysX] Initialized MultithreadedTaskDispatcher with 20 workers.
[PhysX] Initialized MultithreadedTaskDispatcher with 20 workers.
 -> (artifact id: '06b99653d5ba690289eade9bab3ce41c') in 0.008060 seconds
Number of updated asset objects reloaded before import = 0
Number of asset objects unloaded after import = 2
========================================================================
Received Import Request.
  Time since last request: 0.000017 seconds.
  path: Assets/BK/PureNature_Volcano/Models/Trees/Burntree/Burntree4/Burntree4_Impostor_a.tga
  artifactKey: Guid(36c08b6ca3ab4e1a85c133ed8fff3d39) Importer(815301076,1909f56bfc062723c751e8b465ee728b)
Start importing Assets/BK/PureNature_Volcano/Models/Trees/Burntree/Burntree4/Burntree4_Impostor_a.tga using Guid(36c08b6ca3ab4e1a85c133ed8fff3d39) Importer(815301076,1909f56bfc062723c751e8b465ee728b) [PhysX] Initialized MultithreadedTaskDispatcher with 20 workers.
[PhysX] Initialized MultithreadedTaskDispatcher with 20 workers.
 -> (artifact id: '700d77308d97938bd21d2f23740f1d22') in 0.008085 seconds
Number of updated asset objects reloaded before import = 0
Number of asset objects unloaded after import = 2
========================================================================
Received Import Request.
  Time since last request: 0.000023 seconds.
  path: Assets/BK/PureNature_Volcano/Models/Trees/Burntree/Burntree2/Burntree2_Impostor_a.tga
  artifactKey: Guid(7a7c9f31e235404681efcb818b4761ea) Importer(815301076,1909f56bfc062723c751e8b465ee728b)
Start importing Assets/BK/PureNature_Volcano/Models/Trees/Burntree/Burntree2/Burntree2_Impostor_a.tga using Guid(7a7c9f31e235404681efcb818b4761ea) Importer(815301076,1909f56bfc062723c751e8b465ee728b) [PhysX] Initialized MultithreadedTaskDispatcher with 20 workers.
[PhysX] Initialized MultithreadedTaskDispatcher with 20 workers.
 -> (artifact id: '690e789374aa116ae7626e582be424db') in 0.008223 seconds
Number of updated asset objects reloaded before import = 0
Number of asset objects unloaded after import = 2
========================================================================
Received Import Request.
  Time since last request: 0.000023 seconds.
  path: Assets/BK/PureNature_Volcano/Models/BigBoulder/Textures/BigBoulderSharp_Cut_2_a.png
  artifactKey: Guid(d45b68de428349b59ceeaa4e6f8c56ae) Importer(815301076,1909f56bfc062723c751e8b465ee728b)
Start importing Assets/BK/PureNature_Volcano/Models/BigBoulder/Textures/BigBoulderSharp_Cut_2_a.png using Guid(d45b68de428349b59ceeaa4e6f8c56ae) Importer(815301076,1909f56bfc062723c751e8b465ee728b) [PhysX] Initialized MultithreadedTaskDispatcher with 20 workers.
[PhysX] Initialized MultithreadedTaskDispatcher with 20 workers.
 -> (artifact id: '2b842613ff1b8413ba95ad6550785e4c') in 0.012552 seconds
Number of updated asset objects reloaded before import = 0
Number of asset objects unloaded after import = 2
========================================================================
Received Import Request.
  Time since last request: 0.000022 seconds.
  path: Assets/BK/PureNature_Volcano/Models/BigBoulder/Textures/BigBoulderSharp_Cut_3_mask.png
  artifactKey: Guid(d581e6ec7149492091a570a5befedafa) Importer(815301076,1909f56bfc062723c751e8b465ee728b)
Start importing Assets/BK/PureNature_Volcano/Models/BigBoulder/Textures/BigBoulderSharp_Cut_3_mask.png using Guid(d581e6ec7149492091a570a5befedafa) Importer(815301076,1909f56bfc062723c751e8b465ee728b) [PhysX] Initialized MultithreadedTaskDispatcher with 20 workers.
[PhysX] Initialized MultithreadedTaskDispatcher with 20 workers.
 -> (artifact id: 'c3dceef2536a5709fec0ed3b222c341d') in 0.019027 seconds
Number of updated asset objects reloaded before import = 0
Number of asset objects unloaded after import = 2
========================================================================
Received Import Request.
  Time since last request: 0.000025 seconds.
  path: Assets/BK/PureNature_Volcano/Models/BigBoulder/Textures/BigBoulderSharp_Cut_1_n.png
  artifactKey: Guid(fc9c54f92c5e464c8f115276a29dfffb) Importer(815301076,1909f56bfc062723c751e8b465ee728b)
Start importing Assets/BK/PureNature_Volcano/Models/BigBoulder/Textures/BigBoulderSharp_Cut_1_n.png using Guid(fc9c54f92c5e464c8f115276a29dfffb) Importer(815301076,1909f56bfc062723c751e8b465ee728b) [PhysX] Initialized MultithreadedTaskDispatcher with 20 workers.
[PhysX] Initialized MultithreadedTaskDispatcher with 20 workers.
 -> (artifact id: '6c4effee7b60b66e6fe2d5d11c5f50bf') in 0.028009 seconds
Number of updated asset objects reloaded before import = 0
Number of asset objects unloaded after import = 2
========================================================================
Received Import Request.
  Time since last request: 0.000038 seconds.
  path: Assets/BK/PureNature_Volcano/Textures/Fx/Textures/Lightning_glow_a.png
  artifactKey: Guid(50c3e4200df5476eae089fb49690633c) Importer(815301076,1909f56bfc062723c751e8b465ee728b)
Start importing Assets/BK/PureNature_Volcano/Textures/Fx/Textures/Lightning_glow_a.png using Guid(50c3e4200df5476eae089fb49690633c) Importer(815301076,1909f56bfc062723c751e8b465ee728b) [PhysX] Initialized MultithreadedTaskDispatcher with 20 workers.
[PhysX] Initialized MultithreadedTaskDispatcher with 20 workers.
 -> (artifact id: '2bd62056a33ee26b9a4caddcda34eb39') in 0.020747 seconds
Number of updated asset objects reloaded before import = 0
Number of asset objects unloaded after import = 2
========================================================================
Received Import Request.
  Time since last request: 0.000029 seconds.
  path: Assets/BK/PureNature_Volcano/Models/Trees/Burntree/Burntree5/Burntree5_Impostor_n.tga
  artifactKey: Guid(f0f4be4508104480a43a178bcc86d804) Importer(815301076,1909f56bfc062723c751e8b465ee728b)
Start importing Assets/BK/PureNature_Volcano/Models/Trees/Burntree/Burntree5/Burntree5_Impostor_n.tga using Guid(f0f4be4508104480a43a178bcc86d804) Importer(815301076,1909f56bfc062723c751e8b465ee728b) [PhysX] Initialized MultithreadedTaskDispatcher with 20 workers.
[PhysX] Initialized MultithreadedTaskDispatcher with 20 workers.
 -> (artifact id: '8b4c178f49278ff5d7a09f5741646105') in 0.009038 seconds
Number of updated asset objects reloaded before import = 0
Number of asset objects unloaded after import = 2
========================================================================
Received Import Request.
  Time since last request: 1.176620 seconds.
  path: Assets/BK/PureNature_Volcano/Textures/Surfaces/Mud_rubble_n.png
  artifactKey: Guid(a59dc793f18a4f78adf7a26003d536ac) Importer(815301076,1909f56bfc062723c751e8b465ee728b)
Start importing Assets/BK/PureNature_Volcano/Textures/Surfaces/Mud_rubble_n.png using Guid(a59dc793f18a4f78adf7a26003d536ac) Importer(815301076,1909f56bfc062723c751e8b465ee728b) [PhysX] Initialized MultithreadedTaskDispatcher with 20 workers.
[PhysX] Initialized MultithreadedTaskDispatcher with 20 workers.
 -> (artifact id: 'f99681748cf4dc5b11cdb759abb66176') in 0.011545 seconds
Number of updated asset objects reloaded before import = 0
Number of asset objects unloaded after import = 2
========================================================================
Received Import Request.
  Time since last request: 0.000107 seconds.
  path: Assets/BK/PureNature_Volcano/Models/PeakSharp/Textures/PeakSharp_2_n.png
  artifactKey: Guid(86bcfe07df9f43f9b27cf04af51da372) Importer(815301076,1909f56bfc062723c751e8b465ee728b)
Start importing Assets/BK/PureNature_Volcano/Models/PeakSharp/Textures/PeakSharp_2_n.png using Guid(86bcfe07df9f43f9b27cf04af51da372) Importer(815301076,1909f56bfc062723c751e8b465ee728b) [PhysX] Initialized MultithreadedTaskDispatcher with 20 workers.
[PhysX] Initialized MultithreadedTaskDispatcher with 20 workers.
 -> (artifact id: '817a2136d37bb4ba1f12a61b009758f9') in 0.029395 seconds
Number of updated asset objects reloaded before import = 0
Number of asset objects unloaded after import = 2
========================================================================
Received Import Request.
  Time since last request: 0.000024 seconds.
  path: Assets/BK/PureNature_Volcano/Models/PeakSharp/Textures/PeakSharp_0_mask.png
  artifactKey: Guid(507aac6bd4374fa6bae68c98760a6367) Importer(815301076,1909f56bfc062723c751e8b465ee728b)
Start importing Assets/BK/PureNature_Volcano/Models/PeakSharp/Textures/PeakSharp_0_mask.png using Guid(507aac6bd4374fa6bae68c98760a6367) Importer(815301076,1909f56bfc062723c751e8b465ee728b) [PhysX] Initialized MultithreadedTaskDispatcher with 20 workers.
[PhysX] Initialized MultithreadedTaskDispatcher with 20 workers.
 -> (artifact id: 'c2b67516945c3982aa12cd28463d04f6') in 0.020180 seconds
Number of updated asset objects reloaded before import = 0
Number of asset objects unloaded after import = 2
========================================================================
Received Import Request.
  Time since last request: 0.000020 seconds.
  path: Assets/BK/PureNature_Volcano/Models/PeakSharp/Textures/PeakSharp_2_a.png
  artifactKey: Guid(12a5d30854fc4a8482b56c56d1dd5c86) Importer(815301076,1909f56bfc062723c751e8b465ee728b)
Start importing Assets/BK/PureNature_Volcano/Models/PeakSharp/Textures/PeakSharp_2_a.png using Guid(12a5d30854fc4a8482b56c56d1dd5c86) Importer(815301076,1909f56bfc062723c751e8b465ee728b) [PhysX] Initialized MultithreadedTaskDispatcher with 20 workers.
[PhysX] Initialized MultithreadedTaskDispatcher with 20 workers.
 -> (artifact id: '462314a77d1fde3cf6b4d18a7bdfb0fb') in 0.026542 seconds
Number of updated asset objects reloaded before import = 0
Number of asset objects unloaded after import = 2
========================================================================
Received Import Request.
  Time since last request: 1.603069 seconds.
  path: Assets/BK/PureNature_Volcano/Models/PeakSharp_Cut/Textures/PeakSharp_Cut_0_n.png
  artifactKey: Guid(159e612c525c4027b8217c2a74dc6910) Importer(815301076,1909f56bfc062723c751e8b465ee728b)
Start importing Assets/BK/PureNature_Volcano/Models/PeakSharp_Cut/Textures/PeakSharp_Cut_0_n.png using Guid(159e612c525c4027b8217c2a74dc6910) Importer(815301076,1909f56bfc062723c751e8b465ee728b) [PhysX] Initialized MultithreadedTaskDispatcher with 20 workers.
[PhysX] Initialized MultithreadedTaskDispatcher with 20 workers.
 -> (artifact id: 'eac55abed113414e5bd90143d463b0d3') in 0.012876 seconds
Number of updated asset objects reloaded before import = 0
Number of asset objects unloaded after import = 2
========================================================================
Received Import Request.
  Time since last request: 0.000020 seconds.
  path: Assets/BK/PureNature_Volcano/Models/PeakSharp_Cut/Textures/PeakSharp_Cut_3_n.png
  artifactKey: Guid(76730a9c57184c44830bac790454249a) Importer(815301076,1909f56bfc062723c751e8b465ee728b)
Start importing Assets/BK/PureNature_Volcano/Models/PeakSharp_Cut/Textures/PeakSharp_Cut_3_n.png using Guid(76730a9c57184c44830bac790454249a) Importer(815301076,1909f56bfc062723c751e8b465ee728b) [PhysX] Initialized MultithreadedTaskDispatcher with 20 workers.
[PhysX] Initialized MultithreadedTaskDispatcher with 20 workers.
 -> (artifact id: 'a27a36f493c9a5573101828372e77beb') in 0.009826 seconds
Number of updated asset objects reloaded before import = 0
Number of asset objects unloaded after import = 2
========================================================================
Received Import Request.
  Time since last request: 0.000018 seconds.
  path: Assets/BK/PureNature_Volcano/Models/PeakSharpThin/Textures/PeakSharpThin_1_n.png
  artifactKey: Guid(e0fc7e50add7484391986d7eede4f83c) Importer(815301076,1909f56bfc062723c751e8b465ee728b)
Start importing Assets/BK/PureNature_Volcano/Models/PeakSharpThin/Textures/PeakSharpThin_1_n.png using Guid(e0fc7e50add7484391986d7eede4f83c) Importer(815301076,1909f56bfc062723c751e8b465ee728b) [PhysX] Initialized MultithreadedTaskDispatcher with 20 workers.
[PhysX] Initialized MultithreadedTaskDispatcher with 20 workers.
 -> (artifact id: '28574fd7400f440410ec3952859889c2') in 0.024097 seconds
Number of updated asset objects reloaded before import = 0
Number of asset objects unloaded after import = 2
========================================================================
Received Import Request.
  Time since last request: 0.000027 seconds.
  path: Assets/BK/PureNature_Volcano/Textures/Sky/Sky_volcano.exr
  artifactKey: Guid(49dfd2c480014766b85ad9b70bf486e1) Importer(815301076,1909f56bfc062723c751e8b465ee728b)
Start importing Assets/BK/PureNature_Volcano/Textures/Sky/Sky_volcano.exr using Guid(49dfd2c480014766b85ad9b70bf486e1) Importer(815301076,1909f56bfc062723c751e8b465ee728b) [PhysX] Initialized MultithreadedTaskDispatcher with 20 workers.
[PhysX] Initialized MultithreadedTaskDispatcher with 20 workers.
[PhysX] Initialized MultithreadedTaskDispatcher with 20 workers.
 -> (artifact id: '46677c6e482e93022601bcac499e05fd') in 0.046555 seconds
Number of updated asset objects reloaded before import = 0
Number of asset objects unloaded after import = 2
========================================================================
Received Import Request.
  Time since last request: 0.000030 seconds.
  path: Assets/BK/PureNature_Volcano/Models/Rubble/Textures/Rubble_a.png
  artifactKey: Guid(b9386390b5334c778c54d615f55dacea) Importer(815301076,1909f56bfc062723c751e8b465ee728b)
Start importing Assets/BK/PureNature_Volcano/Models/Rubble/Textures/Rubble_a.png using Guid(b9386390b5334c778c54d615f55dacea) Importer(815301076,1909f56bfc062723c751e8b465ee728b) [PhysX] Initialized MultithreadedTaskDispatcher with 20 workers.
[PhysX] Initialized MultithreadedTaskDispatcher with 20 workers.
 -> (artifact id: '89d14bc44b6d6c19eb33dd3e8fca3b56') in 0.008878 seconds
Number of updated asset objects reloaded before import = 0
Number of asset objects unloaded after import = 2
========================================================================
Received Import Request.
  Time since last request: 0.000034 seconds.
  path: Assets/BK/PureNature_Volcano/Models/Rubble/Textures/Rubble_n.png
  artifactKey: Guid(9867ebdf302847488ff5510da5ee8488) Importer(815301076,1909f56bfc062723c751e8b465ee728b)
Start importing Assets/BK/PureNature_Volcano/Models/Rubble/Textures/Rubble_n.png using Guid(9867ebdf302847488ff5510da5ee8488) Importer(815301076,1909f56bfc062723c751e8b465ee728b) [PhysX] Initialized MultithreadedTaskDispatcher with 20 workers.
[PhysX] Initialized MultithreadedTaskDispatcher with 20 workers.
 -> (artifact id: 'd6821c3ba4786b077df1c8669bd01ac0') in 0.012502 seconds
Number of updated asset objects reloaded before import = 0
Number of asset objects unloaded after import = 2
========================================================================
Received Import Request.
  Time since last request: 0.000021 seconds.
  path: Assets/BK/PureNature_Volcano/Textures/Fx/Textures/Smoke_a.png
  artifactKey: Guid(576b5a10f08c42d3ae9b00b2ccc79a34) Importer(815301076,1909f56bfc062723c751e8b465ee728b)
Start importing Assets/BK/PureNature_Volcano/Textures/Fx/Textures/Smoke_a.png using Guid(576b5a10f08c42d3ae9b00b2ccc79a34) Importer(815301076,1909f56bfc062723c751e8b465ee728b) [PhysX] Initialized MultithreadedTaskDispatcher with 20 workers.
[PhysX] Initialized MultithreadedTaskDispatcher with 20 workers.
 -> (artifact id: '88d96fa5b0a3e9f4d216964c0c342be9') in 0.014913 seconds
Number of updated asset objects reloaded before import = 0
Number of asset objects unloaded after import = 2
========================================================================
Received Import Request.
  Time since last request: 0.000027 seconds.
  path: Assets/BK/PureNature_Volcano/Models/PeakSharp_Cut/Textures/PeakSharp_Cut_2_n.png
  artifactKey: Guid(923717da934645a3ac31b1bd610c0cf4) Importer(815301076,1909f56bfc062723c751e8b465ee728b)
Start importing Assets/BK/PureNature_Volcano/Models/PeakSharp_Cut/Textures/PeakSharp_Cut_2_n.png using Guid(923717da934645a3ac31b1bd610c0cf4) Importer(815301076,1909f56bfc062723c751e8b465ee728b) [PhysX] Initialized MultithreadedTaskDispatcher with 20 workers.
[PhysX] Initialized MultithreadedTaskDispatcher with 20 workers.
 -> (artifact id: '264a23c8fa71808d208f54be73334c7d') in 0.010462 seconds
Number of updated asset objects reloaded before import = 0
Number of asset objects unloaded after import = 2
========================================================================
Received Import Request.
  Time since last request: 0.000019 seconds.
  path: Assets/BK/PureNature_Volcano/Models/Rock/Textures/Rock_3_a.png
  artifactKey: Guid(23d89da4af744c8d8b507d5d0a86698f) Importer(815301076,1909f56bfc062723c751e8b465ee728b)
Start importing Assets/BK/PureNature_Volcano/Models/Rock/Textures/Rock_3_a.png using Guid(23d89da4af744c8d8b507d5d0a86698f) Importer(815301076,1909f56bfc062723c751e8b465ee728b) [PhysX] Initialized MultithreadedTaskDispatcher with 20 workers.
[PhysX] Initialized MultithreadedTaskDispatcher with 20 workers.
 -> (artifact id: 'aebbfb448a0161e828c3ff6cef23f558') in 0.017542 seconds
Number of updated asset objects reloaded before import = 0
Number of asset objects unloaded after import = 2
========================================================================
Received Import Request.
  Time since last request: 0.000021 seconds.
  path: Assets/BK/PureNature_Volcano/Models/PeakSharpThin/Textures/PeakSharpThin_4_n.png
  artifactKey: Guid(4b20228a5e7649c68b804193262df449) Importer(815301076,1909f56bfc062723c751e8b465ee728b)
Start importing Assets/BK/PureNature_Volcano/Models/PeakSharpThin/Textures/PeakSharpThin_4_n.png using Guid(4b20228a5e7649c68b804193262df449) Importer(815301076,1909f56bfc062723c751e8b465ee728b) [PhysX] Initialized MultithreadedTaskDispatcher with 20 workers.
[PhysX] Initialized MultithreadedTaskDispatcher with 20 workers.
 -> (artifact id: 'd2073e955e4be29da6dfb7eb8b3b562b') in 0.023502 seconds
Number of updated asset objects reloaded before import = 0
Number of asset objects unloaded after import = 2
========================================================================
Received Import Request.
  Time since last request: 0.000028 seconds.
  path: Assets/BK/PureNature_Volcano/Models/PeakSharpThin/Textures/PeakSharpThin_1_mask.png
  artifactKey: Guid(8056e43b78ed4b9a95234efdb06bd51f) Importer(815301076,1909f56bfc062723c751e8b465ee728b)
Start importing Assets/BK/PureNature_Volcano/Models/PeakSharpThin/Textures/PeakSharpThin_1_mask.png using Guid(8056e43b78ed4b9a95234efdb06bd51f) Importer(815301076,1909f56bfc062723c751e8b465ee728b) [PhysX] Initialized MultithreadedTaskDispatcher with 20 workers.
[PhysX] Initialized MultithreadedTaskDispatcher with 20 workers.
 -> (artifact id: '9ae20908e235ae1100b97797d439a1f2') in 0.036644 seconds
Number of updated asset objects reloaded before import = 0
Number of asset objects unloaded after import = 2
========================================================================
Received Import Request.
  Time since last request: 0.000025 seconds.
  path: Assets/BK/PureNature_Volcano/Models/Terrains/TerrainData_37520688-2ab7-42ff-b607-b1a4457d4fbc.asset
  artifactKey: Guid(88f08669eb65c604a9174bd7873774aa) Importer(815301076,1909f56bfc062723c751e8b465ee728b)
Start importing Assets/BK/PureNature_Volcano/Models/Terrains/TerrainData_37520688-2ab7-42ff-b607-b1a4457d4fbc.asset using Guid(88f08669eb65c604a9174bd7873774aa) Importer(815301076,1909f56bfc062723c751e8b465ee728b) [PhysX] Initialized MultithreadedTaskDispatcher with 20 workers.
[PhysX] Initialized MultithreadedTaskDispatcher with 20 workers.
 -> (artifact id: '8fa5ed5ebae787abe5f86ac77d1ef4e9') in 0.083986 seconds
Number of updated asset objects reloaded before import = 0
Number of asset objects unloaded after import = 3
========================================================================
Received Import Request.
  Time since last request: 17.601556 seconds.
  path: Assets/Nebula Pack/Skybox Blue Nebula/images/BlueNebula2048_front.tif
  artifactKey: Guid(8928c5c4417ee284cbea23d9d60ecace) Importer(815301076,1909f56bfc062723c751e8b465ee728b)
Start importing Assets/Nebula Pack/Skybox Blue Nebula/images/BlueNebula2048_front.tif using Guid(8928c5c4417ee284cbea23d9d60ecace) Importer(815301076,1909f56bfc062723c751e8b465ee728b) [PhysX] Initialized MultithreadedTaskDispatcher with 20 workers.
[PhysX] Initialized MultithreadedTaskDispatcher with 20 workers.
 -> (artifact id: 'd28540b5dca1cb8820a92887470fea5a') in 0.009928 seconds
Number of updated asset objects reloaded before import = 7
Number of asset objects unloaded after import = 2
========================================================================
Received Import Request.
  Time since last request: 0.000021 seconds.
  path: Assets/AmplifyShaderEditor/Plugins/EditorResources/UI/Nodes/CommentNodeBase.png
  artifactKey: Guid(b2be9c55e7e7ba447967677c82b2cb23) Importer(815301076,1909f56bfc062723c751e8b465ee728b)
Start importing Assets/AmplifyShaderEditor/Plugins/EditorResources/UI/Nodes/CommentNodeBase.png using Guid(b2be9c55e7e7ba447967677c82b2cb23) Importer(815301076,1909f56bfc062723c751e8b465ee728b) [PhysX] Initialized MultithreadedTaskDispatcher with 20 workers.
[PhysX] Initialized MultithreadedTaskDispatcher with 20 workers.
 -> (artifact id: '7e368e562d5368cbb283443b336ab682') in 0.007463 seconds
Number of updated asset objects reloaded before import = 0
Number of asset objects unloaded after import = 2
========================================================================
Received Import Request.
  Time since last request: 0.000028 seconds.
  path: Assets/SineVFX/GalaxyMaterials/Resources/Textures/RampsGenerated/GeneratedRamp_39888.png
  artifactKey: Guid(7786c6d38d8be3341941f8189910a112) Importer(815301076,1909f56bfc062723c751e8b465ee728b)
Start importing Assets/SineVFX/GalaxyMaterials/Resources/Textures/RampsGenerated/GeneratedRamp_39888.png using Guid(7786c6d38d8be3341941f8189910a112) Importer(815301076,1909f56bfc062723c751e8b465ee728b) [PhysX] Initialized MultithreadedTaskDispatcher with 20 workers.
[PhysX] Initialized MultithreadedTaskDispatcher with 20 workers.
 -> (artifact id: 'ca18db9bdc577acf834d9e3e95928048') in 0.006236 seconds
Number of updated asset objects reloaded before import = 0
Number of asset objects unloaded after import = 2
========================================================================
Received Import Request.
  Time since last request: 0.000032 seconds.
  path: Assets/AmplifyShaderEditor/Plugins/EditorResources/UI/Nodes/GrayNormalHeaderSquare.png
  artifactKey: Guid(b16188b8a3dee8146bd9cb0bde234a24) Importer(815301076,1909f56bfc062723c751e8b465ee728b)
Start importing Assets/AmplifyShaderEditor/Plugins/EditorResources/UI/Nodes/GrayNormalHeaderSquare.png using Guid(b16188b8a3dee8146bd9cb0bde234a24) Importer(815301076,1909f56bfc062723c751e8b465ee728b) [PhysX] Initialized MultithreadedTaskDispatcher with 20 workers.
[PhysX] Initialized MultithreadedTaskDispatcher with 20 workers.
 -> (artifact id: '2afc7e017ee0201e4144fd2821bbfd59') in 0.006302 seconds
Number of updated asset objects reloaded before import = 0
Number of asset objects unloaded after import = 2
========================================================================
Received Import Request.
  Time since last request: 0.000020 seconds.
  path: Assets/SineVFX/GalaxyMaterials/Resources/Textures/RampsGenerated/GeneratedRamp_81812.png
  artifactKey: Guid(d90a24894225f004391d09667c74d443) Importer(815301076,1909f56bfc062723c751e8b465ee728b)
Start importing Assets/SineVFX/GalaxyMaterials/Resources/Textures/RampsGenerated/GeneratedRamp_81812.png using Guid(d90a24894225f004391d09667c74d443) Importer(815301076,1909f56bfc062723c751e8b465ee728b) [PhysX] Initialized MultithreadedTaskDispatcher with 20 workers.
[PhysX] Initialized MultithreadedTaskDispatcher with 20 workers.
 -> (artifact id: 'b6b604a5430b6701f1929ef45e154c23') in 0.004540 seconds
Number of updated asset objects reloaded before import = 0
Number of asset objects unloaded after import = 2
========================================================================
Received Prepare
Caller must complete domain reload
Begin MonoManager ReloadAssembly
- Loaded All Assemblies, in  0.400 seconds
Native extension for WindowsStandalone target not found
Native extension for WebGL target not found
Mono: successfully reloaded assembly
- Finished resetting the current domain, in  1.085 seconds
Domain Reload Profiling: 1484ms
	BeginReloadAssembly (141ms)
		ExecutionOrderSort (0ms)
		DisableScriptedObjects (7ms)
		BackupInstance (0ms)
		ReleaseScriptingObjects (0ms)
		CreateAndSetChildDomain (31ms)
	RebuildCommonClasses (29ms)
	RebuildNativeTypeToScriptingClass (9ms)
	initialDomainReloadingComplete (23ms)
	LoadAllAssembliesAndSetupDomain (197ms)
		LoadAssemblies (244ms)
		RebuildTransferFunctionScriptingTraits (0ms)
		AnalyzeDomain (30ms)
			TypeCache.Refresh (7ms)
				TypeCache.ScanAssembly (1ms)
			ScanForSourceGeneratedMonoScriptInfo (15ms)
			ResolveRequiredComponents (6ms)
	FinalizeReload (1085ms)
		ReleaseScriptCaches (0ms)
		RebuildScriptCaches (0ms)
		SetupLoadedEditorAssemblies (331ms)
			LogAssemblyErrors (0ms)
			InitializePlatformSupportModulesInManaged (7ms)
			SetLoadedEditorAssemblies (3ms)
			RefreshPlugins (0ms)
			BeforeProcessingInitializeOnLoad (47ms)
			ProcessInitializeOnLoadAttributes (215ms)
			ProcessInitializeOnLoadMethodAttributes (56ms)
			AfterProcessingInitializeOnLoad (3ms)
			EditorAssembliesLoaded (0ms)
		ExecutionOrderSort2 (0ms)
		AwakeInstancesAfterBackupRestoration (22ms)
WARNING: Shader Unsupported: 'Hidden/Universal Render Pipeline/Terrain/Lit (Base Pass Stencil)' - All subshaders removed
WARNING: Shader Did you use #pragma only_renderers and omit this platform?
WARNING: Shader If subshaders removal was intentional, you may have forgotten turning Fallback off?
WARNING: Shader Unsupported: 'Hidden/Universal Render Pipeline/Terrain/Lit (Base Pass Stencil)' - All subshaders removed
WARNING: Shader Did you use #pragma only_renderers and omit this platform?
WARNING: Shader If subshaders removal was intentional, you may have forgotten turning Fallback off?
WARNING: Shader Unsupported: 'Universal Render Pipeline/Terrain/Lit (Stencil)' - All subshaders removed
WARNING: Shader Did you use #pragma only_renderers and omit this platform?
WARNING: Shader If subshaders removal was intentional, you may have forgotten turning Fallback off?
WARNING: Shader Unsupported: 'Universal Render Pipeline/Terrain/Lit (Stencil)' - All subshaders removed
WARNING: Shader Did you use #pragma only_renderers and omit this platform?
WARNING: Shader If subshaders removal was intentional, you may have forgotten turning Fallback off?
Refreshing native plugins compatible for Editor in 2.60 ms, found 2 plugins.
Preloading 0 native plugins for Editor in 0.00 ms.
Unloading 3914 Unused Serialized files (Serialized files now loaded: 0)
Unloading 34 unused Assets / (2.4 MB). Loaded Objects now: 4878.
Memory consumption went from 193.1 MB to 190.6 MB.
Total: 3.064600 ms (FindLiveObjects: 0.326700 ms CreateObjectMapping: 0.066100 ms MarkObjects: 2.145100 ms  DeleteObjects: 0.525600 ms)

Prepare: number of updated asset objects reloaded= 0
AssetImportParameters requested are different than current active one (requested -> active):
  custom:container-demuxer-ogg: 62fdf1f143b41e24485cea50d1cbac27 -> 
  custom:video-codec-MediaFoundation-h265: 746d11721c4dcdbdad8f713fa42b33f4 -> 
  custom:video-decoder-ogg-theora: a1e56fd34408186e4bbccfd4996cb3dc -> 
  custom:framework-win-MediaFoundation: 216162199b28c13a410421893ffa2e32 -> 
  custom:CustomObjectIndexerAttribute: 3ead1caaecf1c488f20bcfeb224b6af5 -> 
  custom:container-demuxer-webm: 4f35f7cbe854078d1ac9338744f61a02 -> 
  custom:container-muxer-webm: aa71ff27fc2769a1b78a27578f13a17b -> 
  custom:video-decoder-webm-vp8: 9c59270c3fd7afecdb556c50c9e8de78 -> 
  custom:SearchIndexIgnoredProperties: e643bd26f0fe6173181afceb89e7c659 -> 
  custom:AudioImporter_EditorPlatform: d09bf68614088b80899f8185d706f6e7 -> 
  custom:video-encoder-webm-vp8: eb34c28f22e8b96e1ab97ce403110664 -> 
  custom:audio-decoder-ogg-vorbis: bf7c407c2cedff20999df2af8eb42d56 -> 
  custom:audio-encoder-webm-vorbis: bf7c407c2cedff20999df2af8eb42d56 -> 
  custom:scripting/precompiled-assembly-types:Assembly-CSharp-Editor: b83070558e381d5558a688e0cabea217 -> ff4c25339547ed4d5185c8e2783fc10b
  custom:scripting/precompiled-assembly-types:Assembly-CSharp: 964634cdaa733e3c89cd8eab747fde13 -> a0f2334ad7a6de5eaeb5a6e70444d008
========================================================================
Received Import Request.
  Time since last request: 5.896787 seconds.
  path: Assets/ExampleAssets/Textures/Drywall/Drywall_Normal.tif
  artifactKey: Guid(e231e4c02c48ee14aafa55f7b1a843c1) Importer(815301076,1909f56bfc062723c751e8b465ee728b)
Start importing Assets/ExampleAssets/Textures/Drywall/Drywall_Normal.tif using Guid(e231e4c02c48ee14aafa55f7b1a843c1) Importer(815301076,1909f56bfc062723c751e8b465ee728b) [PhysX] Initialized MultithreadedTaskDispatcher with 20 workers.
[PhysX] Initialized MultithreadedTaskDispatcher with 20 workers.
 -> (artifact id: '7670b3f66fb8c50aea0848594caaec2f') in 0.055900 seconds
Number of updated asset objects reloaded before import = 0
Number of asset objects unloaded after import = 2
========================================================================
Received Import Request.
  Time since last request: 0.000037 seconds.
  path: Assets/SineVFX/GalaxyMaterials/Resources/Textures/RampsGenerated/GeneratedRamp_96029.png
  artifactKey: Guid(a772620a159ae704ea70ed2855addce3) Importer(815301076,1909f56bfc062723c751e8b465ee728b)
Start importing Assets/SineVFX/GalaxyMaterials/Resources/Textures/RampsGenerated/GeneratedRamp_96029.png using Guid(a772620a159ae704ea70ed2855addce3) Importer(815301076,1909f56bfc062723c751e8b465ee728b) [PhysX] Initialized MultithreadedTaskDispatcher with 20 workers.
[PhysX] Initialized MultithreadedTaskDispatcher with 20 workers.
 -> (artifact id: 'bcbc1393f9c78c3c4322bfa9e57e1694') in 0.005556 seconds
Number of updated asset objects reloaded before import = 0
Number of asset objects unloaded after import = 2
========================================================================
Received Import Request.
  Time since last request: 0.000033 seconds.
  path: Assets/AmplifyShaderEditor/Plugins/EditorResources/UI/Nodes/GraphPopup.png
  artifactKey: Guid(2ae607812d722ec46b48647c2a800779) Importer(815301076,1909f56bfc062723c751e8b465ee728b)
Start importing Assets/AmplifyShaderEditor/Plugins/EditorResources/UI/Nodes/GraphPopup.png using Guid(2ae607812d722ec46b48647c2a800779) Importer(815301076,1909f56bfc062723c751e8b465ee728b) [PhysX] Initialized MultithreadedTaskDispatcher with 20 workers.
[PhysX] Initialized MultithreadedTaskDispatcher with 20 workers.
 -> (artifact id: '99225f1cee6dd20602c39ab5badbb280') in 0.005561 seconds
Number of updated asset objects reloaded before import = 0
Number of asset objects unloaded after import = 2
========================================================================
Received Import Request.
  Time since last request: 0.000018 seconds.
  path: Assets/SineVFX/GalaxyMaterials/Resources/Textures/RampsGenerated/GeneratedRamp_119.png
  artifactKey: Guid(af492fd72fe40bb4ca88d6c49f976e8e) Importer(815301076,1909f56bfc062723c751e8b465ee728b)
Start importing Assets/SineVFX/GalaxyMaterials/Resources/Textures/RampsGenerated/GeneratedRamp_119.png using Guid(af492fd72fe40bb4ca88d6c49f976e8e) Importer(815301076,1909f56bfc062723c751e8b465ee728b) [PhysX] Initialized MultithreadedTaskDispatcher with 20 workers.
[PhysX] Initialized MultithreadedTaskDispatcher with 20 workers.
 -> (artifact id: '6b2f885833f34251e231802501f52a66') in 0.005951 seconds
Number of updated asset objects reloaded before import = 0
Number of asset objects unloaded after import = 2
========================================================================
Received Import Request.
  Time since last request: 3.305591 seconds.
  path: Assets/mihayou/Star/Tex/Layer_Stars_03.png
  artifactKey: Guid(d185f28bf58bd5c4a8aee14cb26cd769) Importer(815301076,1909f56bfc062723c751e8b465ee728b)
Start importing Assets/mihayou/Star/Tex/Layer_Stars_03.png using Guid(d185f28bf58bd5c4a8aee14cb26cd769) Importer(815301076,1909f56bfc062723c751e8b465ee728b) [PhysX] Initialized MultithreadedTaskDispatcher with 20 workers.
[PhysX] Initialized MultithreadedTaskDispatcher with 20 workers.
[PhysX] Initialized MultithreadedTaskDispatcher with 20 workers.
 -> (artifact id: '7fc00f4566c951cbd2ef16eba5dfbf4f') in 0.169395 seconds
Number of updated asset objects reloaded before import = 0
Number of asset objects unloaded after import = 21
========================================================================
Received Import Request.
  Time since last request: 0.000029 seconds.
  path: Assets/mihayou/Star/Tex/Redsky.png
  artifactKey: Guid(e622bbd796f8f5c49a296cffe16b1e2c) Importer(815301076,1909f56bfc062723c751e8b465ee728b)
Start importing Assets/mihayou/Star/Tex/Redsky.png using Guid(e622bbd796f8f5c49a296cffe16b1e2c) Importer(815301076,1909f56bfc062723c751e8b465ee728b) [PhysX] Initialized MultithreadedTaskDispatcher with 20 workers.
[PhysX] Initialized MultithreadedTaskDispatcher with 20 workers.
[PhysX] Initialized MultithreadedTaskDispatcher with 20 workers.
 -> (artifact id: '992eebb0c55a70d9737038de2832ad96') in 0.025281 seconds
Number of updated asset objects reloaded before import = 0
Number of asset objects unloaded after import = 2
========================================================================
Received Import Request.
  Time since last request: 0.000037 seconds.
  path: Assets/mihayou/Star/Tex/T_BakedNebulae_24.PNG
  artifactKey: Guid(89b4c5e0dbaed914b918e5466c7d7557) Importer(815301076,1909f56bfc062723c751e8b465ee728b)
Start importing Assets/mihayou/Star/Tex/T_BakedNebulae_24.PNG using Guid(89b4c5e0dbaed914b918e5466c7d7557) Importer(815301076,1909f56bfc062723c751e8b465ee728b) [PhysX] Initialized MultithreadedTaskDispatcher with 20 workers.
[PhysX] Initialized MultithreadedTaskDispatcher with 20 workers.
[PhysX] Initialized MultithreadedTaskDispatcher with 20 workers.
 -> (artifact id: 'bb97adbca4f866d3d4766b82124c6638') in 0.023148 seconds
Number of updated asset objects reloaded before import = 0
Number of asset objects unloaded after import = 2
========================================================================
Received Import Request.
  Time since last request: 0.000029 seconds.
  path: Assets/mihayou/Star/Tex/T_BakedNebulae_23.PNG
  artifactKey: Guid(e540f77e95bf77140a7141e66948783d) Importer(815301076,1909f56bfc062723c751e8b465ee728b)
Start importing Assets/mihayou/Star/Tex/T_BakedNebulae_23.PNG using Guid(e540f77e95bf77140a7141e66948783d) Importer(815301076,1909f56bfc062723c751e8b465ee728b) [PhysX] Initialized MultithreadedTaskDispatcher with 20 workers.
[PhysX] Initialized MultithreadedTaskDispatcher with 20 workers.
[PhysX] Initialized MultithreadedTaskDispatcher with 20 workers.
 -> (artifact id: 'b05f2eb81d4bd7fc52116dc2c5486401') in 0.021905 seconds
Number of updated asset objects reloaded before import = 0
Number of asset objects unloaded after import = 2
========================================================================
Received Import Request.
  Time since last request: 0.000025 seconds.
  path: Assets/mihayou/Star/Tex/T_BakedNebulae_04.PNG
  artifactKey: Guid(c780bb21405aa6d48afcde5eb8f1d4ba) Importer(815301076,1909f56bfc062723c751e8b465ee728b)
Start importing Assets/mihayou/Star/Tex/T_BakedNebulae_04.PNG using Guid(c780bb21405aa6d48afcde5eb8f1d4ba) Importer(815301076,1909f56bfc062723c751e8b465ee728b) [PhysX] Initialized MultithreadedTaskDispatcher with 20 workers.
[PhysX] Initialized MultithreadedTaskDispatcher with 20 workers.
[PhysX] Initialized MultithreadedTaskDispatcher with 20 workers.
 -> (artifact id: '6b83f38660b2df8ea439949e01bc4c2f') in 0.026520 seconds
Number of updated asset objects reloaded before import = 0
Number of asset objects unloaded after import = 2
========================================================================
Received Import Request.
  Time since last request: 0.000028 seconds.
  path: Assets/mihayou/Star/Tex/T_BakedNebulae_11.PNG
  artifactKey: Guid(111e0f318ae15bd48b45ca8b2fe7c0ef) Importer(815301076,1909f56bfc062723c751e8b465ee728b)
Start importing Assets/mihayou/Star/Tex/T_BakedNebulae_11.PNG using Guid(111e0f318ae15bd48b45ca8b2fe7c0ef) Importer(815301076,1909f56bfc062723c751e8b465ee728b) [PhysX] Initialized MultithreadedTaskDispatcher with 20 workers.
[PhysX] Initialized MultithreadedTaskDispatcher with 20 workers.
[PhysX] Initialized MultithreadedTaskDispatcher with 20 workers.
 -> (artifact id: '6d239d301ff33008bd77872ca3f8b2e4') in 0.023256 seconds
Number of updated asset objects reloaded before import = 0
Number of asset objects unloaded after import = 2
========================================================================
Received Import Request.
  Time since last request: 0.000027 seconds.
  path: Assets/mihayou/Star/Tex/T_BakedNebulae_18.PNG
  artifactKey: Guid(8aac2aeb132760c4bb69d9902d294dfd) Importer(815301076,1909f56bfc062723c751e8b465ee728b)
Start importing Assets/mihayou/Star/Tex/T_BakedNebulae_18.PNG using Guid(8aac2aeb132760c4bb69d9902d294dfd) Importer(815301076,1909f56bfc062723c751e8b465ee728b) [PhysX] Initialized MultithreadedTaskDispatcher with 20 workers.
[PhysX] Initialized MultithreadedTaskDispatcher with 20 workers.
[PhysX] Initialized MultithreadedTaskDispatcher with 20 workers.
 -> (artifact id: '3aa5168b0ea95ac44eb2682a46c87af0') in 0.026876 seconds
Number of updated asset objects reloaded before import = 0
Number of asset objects unloaded after import = 2
========================================================================
Received Import Request.
  Time since last request: 0.000023 seconds.
  path: Assets/mihayou/Star/Tex/T_BakedNebulae_27.PNG
  artifactKey: Guid(1f1d14403371bc145b19557d7cc53f5f) Importer(815301076,1909f56bfc062723c751e8b465ee728b)
Start importing Assets/mihayou/Star/Tex/T_BakedNebulae_27.PNG using Guid(1f1d14403371bc145b19557d7cc53f5f) Importer(815301076,1909f56bfc062723c751e8b465ee728b) [PhysX] Initialized MultithreadedTaskDispatcher with 20 workers.
[PhysX] Initialized MultithreadedTaskDispatcher with 20 workers.
[PhysX] Initialized MultithreadedTaskDispatcher with 20 workers.
 -> (artifact id: 'e6348887efff3ab95245ee10e3b34afe') in 0.022201 seconds
Number of updated asset objects reloaded before import = 0
Number of asset objects unloaded after import = 2
========================================================================
Received Import Request.
  Time since last request: 0.000024 seconds.
  path: Assets/mihayou/FX/Tex/Space_Distortion_spacialDust_00.png
  artifactKey: Guid(9aae46c7f1e1c5d4ba2fd40780925d62) Importer(815301076,1909f56bfc062723c751e8b465ee728b)
Start importing Assets/mihayou/FX/Tex/Space_Distortion_spacialDust_00.png using Guid(9aae46c7f1e1c5d4ba2fd40780925d62) Importer(815301076,1909f56bfc062723c751e8b465ee728b) [PhysX] Initialized MultithreadedTaskDispatcher with 20 workers.
[PhysX] Initialized MultithreadedTaskDispatcher with 20 workers.
 -> (artifact id: 'ce69a202d0066414f86241f292f3cf5d') in 0.011540 seconds
Number of updated asset objects reloaded before import = 0
Number of asset objects unloaded after import = 2
========================================================================
Received Import Request.
  Time since last request: 0.000031 seconds.
  path: Assets/mihayou/Star/Tex/T_BakedNebulae_21.PNG
  artifactKey: Guid(8066f78dff0684740aced7f107ca5b9d) Importer(815301076,1909f56bfc062723c751e8b465ee728b)
Start importing Assets/mihayou/Star/Tex/T_BakedNebulae_21.PNG using Guid(8066f78dff0684740aced7f107ca5b9d) Importer(815301076,1909f56bfc062723c751e8b465ee728b) [PhysX] Initialized MultithreadedTaskDispatcher with 20 workers.
[PhysX] Initialized MultithreadedTaskDispatcher with 20 workers.
[PhysX] Initialized MultithreadedTaskDispatcher with 20 workers.
 -> (artifact id: '52b804e7dfa83675b032e0dbc5673dc4') in 0.024203 seconds
Number of updated asset objects reloaded before import = 0
Number of asset objects unloaded after import = 2
