
=== Wed Apr  1 10:58:50 2026

Packages were changed.
Update Mode: updateDependencies

The following packages were updated:
  com.unity.collab-proxy from version 1.2.16 to 2.7.1
  com.unity.ext.nunit from version 1.0.0 to 1.0.6
  com.unity.ide.rider from version 1.1.0 to 3.0.36
  com.unity.ide.vscode from version 1.1.2 to 1.2.5
  com.unity.postprocessing from version 2.1.7 to 3.4.0
  com.unity.test-framework from version 1.0.13 to 1.1.33
  com.unity.textmeshpro from version 2.0.1 to 3.0.7
  com.unity.timeline from version 1.1.0 to 1.7.7
The following packages were removed:
  com.unity.package-manager-ui@2.2.0

=== Wed Apr  1 10:58:50 2026

Packages were changed.
Update Mode: mergeDefaultDependencies

The following packages were added:
  com.unity.ext.nunit@1.0.6

=== Wed Apr  1 10:59:29 2026

Packages were changed.
Update Mode: updateDependencies

The following packages were updated:
  com.unity.collab-proxy from version 1.2.16 to 2.7.1
  com.unity.ext.nunit from version 1.0.0 to 1.0.6
  com.unity.ide.rider from version 1.1.0 to 3.0.36
  com.unity.ide.vscode from version 1.1.2 to 1.2.5
  com.unity.postprocessing from version 2.1.7 to 3.4.0
  com.unity.test-framework from version 1.0.13 to 1.1.33
  com.unity.textmeshpro from version 2.0.1 to 3.0.7
  com.unity.timeline from version 1.1.0 to 1.7.7
The following packages were removed:
  com.unity.package-manager-ui@2.2.0
